<?xml version="1.0" encoding="UTF-8"?>
<testsuite xmlns:xsi="http://www.w3.org/2001/XMLSchema-instance" xsi:schemaLocation="https://maven.apache.org/surefire/maven-surefire-plugin/xsd/surefire-test-report.xsd" name="com.massimobono.microsi.examples.bundleexample.impl.TestBundleExampleImpl" time="2.088" tests="1" errors="1" skipped="0" failures="0">
  <properties>
[...]
</properties>
  <testcase name="com.massimobono.microsi.examples.bundleexample.impl.TestBundleExampleImpl" classname="com.massimobono.microsi.examples.bundleexample.impl.TestBundleExampleImpl" time="2.043">
    <error message="Problem starting test container." type="org.ops4j.pax.exam.TestContainerException">org.ops4j.pax.exam.TestContainerException: Problem starting test container.
Caused by: org.osgi.framework.BundleException: Bundle symbolic name and version are not unique: bundle-example-impl:0.0.1.SNAPSHOT
</error>
    <system-out><![CDATA[11:24:19.317 [main] INFO org.ops4j.pax.exam.spi.DefaultExamSystem - Pax Exam System (Version: 4.10.0) created.
11:24:19.328 [main] DEBUG org.ops4j.store.intern.TemporaryStore - Storage Area is E:\Users\massi\AppData\Local\Temp\1491470659326-0
11:24:19.363 [main] INFO org.ops4j.pax.exam.junit.impl.ProbeRunner - creating PaxExam runner for class com.massimobono.microsi.examples.bundleexample.impl.TestBundleExampleImpl
11:24:19.370 [main] DEBUG org.ops4j.pax.exam.spi.PaxExamRuntime - Found TestContainerFactory: org.ops4j.pax.exam.nat.internal.NativeTestContainerFactory
11:24:19.374 [main] DEBUG org.ops4j.pax.exam.spi.DefaultExamSystem - creating default probe
11:24:19.589 [main] DEBUG org.ops4j.pax.exam.spi.reactors.ReactorManager - No User defined probe hook found
11:24:19.591 [main] DEBUG org.ops4j.pax.exam.spi.intern.DefaultTestAddress - NEW ADDRESS= PaxExam-5b315f4c-8ba4-4355-9bfc-151600d6c7c7 parent=null root=[TestAddress:PaxExam-5b315f4c-8ba4-4355-9bfc-151600d6c7c7 root:PaxExam-5b315f4c-8ba4-4355-9bfc-151600d6c7c7] args=[Ljava.lang.Object;@7921b0a2
11:24:19.592 [main] DEBUG org.ops4j.pax.exam.spi.intern.DefaultTestAddress - NEW ADDRESS= PaxExam-e7de44d0-dd52-4dde-a095-008412ef0f54 parent=null root=[TestAddress:PaxExam-e7de44d0-dd52-4dde-a095-008412ef0f54 root:PaxExam-e7de44d0-dd52-4dde-a095-008412ef0f54] args=[Ljava.lang.Object;@1efbd816
11:24:19.592 [main] DEBUG org.ops4j.pax.exam.spi.DefaultExamReactor - Staging reactor with probes: 1 using strategy: org.ops4j.pax.exam.spi.reactors.PerClass@6a2bcfcb
11:24:19.592 [main] DEBUG org.ops4j.store.intern.TemporaryStore - Storage Area is E:\Users\massi\AppData\Local\Temp\1491470659326-0
11:24:19.600 [main] DEBUG org.ops4j.pax.exam.spi.intern.DefaultTestAddress - NEW ADDRESS= PaxExam-fd560998-8421-498a-971d-fe77575b14ec parent=[TestAddress:PaxExam-5b315f4c-8ba4-4355-9bfc-151600d6c7c7 root:PaxExam-5b315f4c-8ba4-4355-9bfc-151600d6c7c7] root=[TestAddress:PaxExam-5b315f4c-8ba4-4355-9bfc-151600d6c7c7 root:PaxExam-5b315f4c-8ba4-4355-9bfc-151600d6c7c7] args=[Ljava.lang.Object;@9629756
11:24:19.600 [main] DEBUG org.ops4j.pax.exam.spi.intern.DefaultTestAddress - NEW ADDRESS= PaxExam-5581b8c1-6f0d-4fc5-ac57-ff034bd1b9aa parent=[TestAddress:PaxExam-e7de44d0-dd52-4dde-a095-008412ef0f54 root:PaxExam-e7de44d0-dd52-4dde-a095-008412ef0f54] root=[TestAddress:PaxExam-e7de44d0-dd52-4dde-a095-008412ef0f54 root:PaxExam-e7de44d0-dd52-4dde-a095-008412ef0f54] args=[Ljava.lang.Object;@62ee68d8
11:24:19.602 [main] INFO org.ops4j.pax.exam.junit.impl.ProbeRunner - running test class com.massimobono.microsi.examples.bundleexample.impl.TestBundleExampleImpl
11:24:19.603 [main] DEBUG org.ops4j.store.intern.TemporaryStore - Storage Area is E:\Users\massi\AppData\Local\Temp\1491470659326-0
11:24:19.604 [main] DEBUG org.ops4j.pax.exam.nat.internal.NativeTestContainer - ==== Framework properties:
11:24:19.604 [main] DEBUG org.ops4j.pax.exam.nat.internal.NativeTestContainer - org.osgi.framework.storage.clean = onFirstInit
11:24:19.604 [main] DEBUG org.ops4j.pax.exam.nat.internal.NativeTestContainer - org.osgi.framework.bootdelegation = sun.*
11:24:19.605 [main] DEBUG org.ops4j.pax.exam.nat.internal.NativeTestContainer - org.osgi.framework.storage = E:\Users\massi\AppData\Local\Temp\1491470659326-0
11:24:19.605 [main] DEBUG org.ops4j.pax.exam.nat.internal.NativeTestContainer - org.osgi.framework.system.packages.extra = org.ops4j.pax.exam;version=4.10.0,org.ops4j.pax.exam.options;version=4.10.0,org.ops4j.pax.exam.util;version=4.10.0
11:24:19.605 [main] DEBUG org.ops4j.pax.exam.nat.internal.NativeTestContainer - ==== System properties:
11:24:19.606 [main] DEBUG org.ops4j.pax.exam.nat.internal.NativeTestContainer - awt.toolkit = sun.awt.windows.WToolkit
11:24:19.606 [main] DEBUG org.ops4j.pax.exam.nat.internal.NativeTestContainer - basedir = E:\Users\massi\Documents\git\MicroSI\microsi-root\examples\bundle-example-impl
11:24:19.606 [main] DEBUG org.ops4j.pax.exam.nat.internal.NativeTestContainer - file.encoding = Cp1252
11:24:19.607 [main] DEBUG org.ops4j.pax.exam.nat.internal.NativeTestContainer - file.encoding.pkg = sun.io
11:24:19.607 [main] DEBUG org.ops4j.pax.exam.nat.internal.NativeTestContainer - file.separator = \
11:24:19.607 [main] DEBUG org.ops4j.pax.exam.nat.internal.NativeTestContainer - java.awt.graphicsenv = sun.awt.Win32GraphicsEnvironment
11:24:19.607 [main] DEBUG org.ops4j.pax.exam.nat.internal.NativeTestContainer - java.awt.printerjob = sun.awt.windows.WPrinterJob
11:24:19.607 [main] DEBUG org.ops4j.pax.exam.nat.internal.NativeTestContainer - java.class.path = E:\Users\massi\Documents\git\MicroSI\microsi-root\examples\bundle-example-impl\target\test-classes;E:\Users\massi\Documents\git\MicroSI\microsi-root\examples\bundle-example-impl\target\classes;E:\Users\massi\Documents\git\MicroSI\microsi-root\examples\bundle-example\target\classes;E:\Users\massi\.m2\repository\org\apache\felix\org.apache.felix.scr\2.0.8\org.apache.felix.scr-2.0.8.jar;E:\Users\massi\.m2\repository\org\codehaus\mojo\animal-sniffer-annotations\1.9\animal-sniffer-annotations-1.9.jar;E:\Users\massi\.m2\repository\org\osgi\org.osgi.compendium\5.0.0\org.osgi.compendium-5.0.0.jar;E:\Users\massi\.m2\repository\org\osgi\org.osgi.core\6.0.0\org.osgi.core-6.0.0.jar;E:\Users\massi\.m2\repository\junit\junit\4.11\junit-4.11.jar;E:\Users\massi\.m2\repository\org\hamcrest\hamcrest-core\1.3\hamcrest-core-1.3.jar;E:\Users\massi\.m2\repository\org\ops4j\pax\exam\pax-exam-junit4\4.10.0\pax-exam-junit4-4.10.0.jar;E:\Users\massi\.m2\repository\org\ops4j\pax\exam\pax-exam-spi\4.10.0\pax-exam-spi-4.10.0.jar;E:\Users\massi\.m2\repository\org\ops4j\base\ops4j-base-spi\1.5.0\ops4j-base-spi-1.5.0.jar;E:\Users\massi\.m2\repository\org\ops4j\pax\tinybundles\tinybundles\2.1.1\tinybundles-2.1.1.jar;E:\Users\massi\.m2\repository\biz\aQute\bnd\bndlib\2.4.0\bndlib-2.4.0.jar;E:\Users\massi\.m2\repository\org\ops4j\base\ops4j-base-lang\1.5.0\ops4j-base-lang-1.5.0.jar;E:\Users\massi\.m2\repository\org\ops4j\pax\exam\pax-exam-container-native\4.10.0\pax-exam-container-native-4.10.0.jar;E:\Users\massi\.m2\repository\org\ops4j\pax\exam\pax-exam\4.10.0\pax-exam-4.10.0.jar;E:\Users\massi\.m2\repository\org\ops4j\base\ops4j-base-store\1.5.0\ops4j-base-store-1.5.0.jar;E:\Users\massi\.m2\repository\org\ops4j\base\ops4j-base-io\1.5.0\ops4j-base-io-1.5.0.jar;E:\Users\massi\.m2\repository\org\ops4j\base\ops4j-base-util-property\1.5.0\ops4j-base-util-property-1.5.0.jar;E:\Users\massi\.m2\repository\org\ops4j\pax\swissbox\pax-swissbox-core\1.8.2\pax-swissbox-core-1.8.2.jar;E:\Users\massi\.m2\repository\org\ops4j\pax\swissbox\pax-swissbox-lifecycle\1.8.2\pax-swissbox-lifecycle-1.8.2.jar;E:\Users\massi\.m2\repository\org\ops4j\pax\swissbox\pax-swissbox-tracker\1.8.2\pax-swissbox-tracker-1.8.2.jar;E:\Users\massi\.m2\repository\org\ops4j\base\ops4j-base-net\1.5.0\ops4j-base-net-1.5.0.jar;E:\Users\massi\.m2\repository\org\ops4j\base\ops4j-base-monitors\1.5.0\ops4j-base-monitors-1.5.0.jar;E:\Users\massi\.m2\repository\org\ops4j\pax\url\pax-url-link\2.4.5\pax-url-link-2.4.5.jar;E:\Users\massi\.m2\repository\org\ops4j\pax\url\pax-url-commons\2.4.5\pax-url-commons-2.4.5.jar;E:\Users\massi\.m2\repository\org\ops4j\pax\swissbox\pax-swissbox-property\1.8.2\pax-swissbox-property-1.8.2.jar;E:\Users\massi\.m2\repository\org\ops4j\pax\url\pax-url-classpath\2.4.5\pax-url-classpath-2.4.5.jar;E:\Users\massi\.m2\repository\org\ops4j\pax\swissbox\pax-swissbox-optional-jcl\1.8.2\pax-swissbox-optional-jcl-1.8.2.jar;E:\Users\massi\.m2\repository\org\ops4j\pax\url\pax-url-aether\2.5.2\pax-url-aether-2.5.2.jar;E:\Users\massi\.m2\repository\org\ops4j\pax\url\pax-url-aether-support\2.5.2\pax-url-aether-support-2.5.2.jar;E:\Users\massi\.m2\repository\org\eclipse\aether\aether-impl\1.0.2.v20150114\aether-impl-1.0.2.v20150114.jar;E:\Users\massi\.m2\repository\org\eclipse\aether\aether-api\1.0.2.v20150114\aether-api-1.0.2.v20150114.jar;E:\Users\massi\.m2\repository\org\eclipse\aether\aether-spi\1.0.2.v20150114\aether-spi-1.0.2.v20150114.jar;E:\Users\massi\.m2\repository\org\eclipse\aether\aether-util\1.0.2.v20150114\aether-util-1.0.2.v20150114.jar;E:\Users\massi\.m2\repository\org\slf4j\jcl-over-slf4j\1.6.6\jcl-over-slf4j-1.6.6.jar;E:\Users\massi\.m2\repository\org\apache\felix\org.apache.felix.framework\5.6.2\org.apache.felix.framework-5.6.2.jar;E:\Users\massi\.m2\repository\org\slf4j\slf4j-api\1.7.25\slf4j-api-1.7.25.jar;E:\Users\massi\.m2\repository\ch\qos\logback\logback-classic\1.2.3\logback-classic-1.2.3.jar;E:\Users\massi\.m2\repository\ch\qos\logback\logback-core\1.2.3\logback-core-1.2.3.jar;E:\Users\massi\.m2\repository\javax\inject\javax.inject\1\javax.inject-1.jar;E:\Users\massi\.m2\repository\org\ops4j\pax\exam\pax-exam-link-mvn\4.10.0\pax-exam-link-mvn-4.10.0.jar;
11:24:19.608 [main] DEBUG org.ops4j.pax.exam.nat.internal.NativeTestContainer - java.class.version = 52.0
11:24:19.609 [main] DEBUG org.ops4j.pax.exam.nat.internal.NativeTestContainer - java.endorsed.dirs = C:\Program Files\Java\jre1.8.0_121\lib\endorsed
11:24:19.609 [main] DEBUG org.ops4j.pax.exam.nat.internal.NativeTestContainer - java.ext.dirs = C:\Program Files\Java\jre1.8.0_121\lib\ext;C:\WINDOWS\Sun\Java\lib\ext
11:24:19.609 [main] DEBUG org.ops4j.pax.exam.nat.internal.NativeTestContainer - java.home = C:\Program Files\Java\jre1.8.0_121
11:24:19.610 [main] DEBUG org.ops4j.pax.exam.nat.internal.NativeTestContainer - java.io.tmpdir = E:\Users\massi\AppData\Local\Temp\
11:24:19.610 [main] DEBUG org.ops4j.pax.exam.nat.internal.NativeTestContainer - java.library.path = C:\Program Files\Java\jre1.8.0_121\bin;C:\WINDOWS\Sun\Java\bin;C:\WINDOWS\system32;C:\WINDOWS;C:/Program Files/Java/jre1.8.0_121/bin/server;C:/Program Files/Java/jre1.8.0_121/bin;C:/Program Files/Java/jre1.8.0_121/lib/amd64;C:\ProgramData\Oracle\Java\javapath;C:\WINDOWS\system32;C:\WINDOWS;C:\WINDOWS\System32\Wbem;C:\WINDOWS\System32\WindowsPowerShell\v1.0\;C:\Program Files (x86)\Skype\Phone\;C:\Program Files\Git\cmd;C:\Program Files\MiKTeX 2.9\miktex\bin\x64\;C:\Program Files\TortoiseSVN\bin;E:\Users\massi\AppData\Local\Microsoft\WindowsApps;;C:\Program Files\Eclipse\java-neon\eclipse;;.
11:24:19.610 [main] DEBUG org.ops4j.pax.exam.nat.internal.NativeTestContainer - java.protocol.handler.pkgs = org.ops4j.pax.url
11:24:19.611 [main] DEBUG org.ops4j.pax.exam.nat.internal.NativeTestContainer - java.runtime.name = Java(TM) SE Runtime Environment
11:24:19.611 [main] DEBUG org.ops4j.pax.exam.nat.internal.NativeTestContainer - java.runtime.version = 1.8.0_121-b13
11:24:19.611 [main] DEBUG org.ops4j.pax.exam.nat.internal.NativeTestContainer - java.specification.name = Java Platform API Specification
11:24:19.611 [main] DEBUG org.ops4j.pax.exam.nat.internal.NativeTestContainer - java.specification.vendor = Oracle Corporation
11:24:19.611 [main] DEBUG org.ops4j.pax.exam.nat.internal.NativeTestContainer - java.specification.version = 1.8
11:24:19.611 [main] DEBUG org.ops4j.pax.exam.nat.internal.NativeTestContainer - java.vendor = Oracle Corporation
11:24:19.611 [main] DEBUG org.ops4j.pax.exam.nat.internal.NativeTestContainer - java.vendor.url = http://java.oracle.com/
11:24:19.612 [main] DEBUG org.ops4j.pax.exam.nat.internal.NativeTestContainer - java.vendor.url.bug = http://bugreport.sun.com/bugreport/
11:24:19.612 [main] DEBUG org.ops4j.pax.exam.nat.internal.NativeTestContainer - java.version = 1.8.0_121
11:24:19.612 [main] DEBUG org.ops4j.pax.exam.nat.internal.NativeTestContainer - java.vm.info = mixed mode
11:24:19.612 [main] DEBUG org.ops4j.pax.exam.nat.internal.NativeTestContainer - java.vm.name = Java HotSpot(TM) 64-Bit Server VM
11:24:19.612 [main] DEBUG org.ops4j.pax.exam.nat.internal.NativeTestContainer - java.vm.specification.name = Java Virtual Machine Specification
11:24:19.612 [main] DEBUG org.ops4j.pax.exam.nat.internal.NativeTestContainer - java.vm.specification.vendor = Oracle Corporation
11:24:19.612 [main] DEBUG org.ops4j.pax.exam.nat.internal.NativeTestContainer - java.vm.specification.version = 1.8
11:24:19.612 [main] DEBUG org.ops4j.pax.exam.nat.internal.NativeTestContainer - java.vm.vendor = Oracle Corporation
11:24:19.612 [main] DEBUG org.ops4j.pax.exam.nat.internal.NativeTestContainer - java.vm.version = 25.121-b13
11:24:19.613 [main] DEBUG org.ops4j.pax.exam.nat.internal.NativeTestContainer - line.separator = 

11:24:19.613 [main] DEBUG org.ops4j.pax.exam.nat.internal.NativeTestContainer - localRepository = E:\Users\massi\.m2\repository
11:24:19.613 [main] DEBUG org.ops4j.pax.exam.nat.internal.NativeTestContainer - os.arch = amd64
11:24:19.613 [main] DEBUG org.ops4j.pax.exam.nat.internal.NativeTestContainer - os.name = Windows 10
11:24:19.613 [main] DEBUG org.ops4j.pax.exam.nat.internal.NativeTestContainer - os.version = 10.0
11:24:19.613 [main] DEBUG org.ops4j.pax.exam.nat.internal.NativeTestContainer - path.separator = ;
11:24:19.613 [main] DEBUG org.ops4j.pax.exam.nat.internal.NativeTestContainer - pax.exam.invoker = junit
11:24:19.613 [main] DEBUG org.ops4j.pax.exam.nat.internal.NativeTestContainer - pax.exam.service.timeout = 10000
11:24:19.614 [main] DEBUG org.ops4j.pax.exam.nat.internal.NativeTestContainer - sun.arch.data.model = 64
11:24:19.614 [main] DEBUG org.ops4j.pax.exam.nat.internal.NativeTestContainer - sun.boot.class.path = C:\Program Files\Java\jre1.8.0_121\lib\resources.jar;C:\Program Files\Java\jre1.8.0_121\lib\rt.jar;C:\Program Files\Java\jre1.8.0_121\lib\sunrsasign.jar;C:\Program Files\Java\jre1.8.0_121\lib\jsse.jar;C:\Program Files\Java\jre1.8.0_121\lib\jce.jar;C:\Program Files\Java\jre1.8.0_121\lib\charsets.jar;C:\Program Files\Java\jre1.8.0_121\lib\jfr.jar;C:\Program Files\Java\jre1.8.0_121\classes
11:24:19.614 [main] DEBUG org.ops4j.pax.exam.nat.internal.NativeTestContainer - sun.boot.library.path = C:\Program Files\Java\jre1.8.0_121\bin
11:24:19.614 [main] DEBUG org.ops4j.pax.exam.nat.internal.NativeTestContainer - sun.cpu.endian = little
11:24:19.614 [main] DEBUG org.ops4j.pax.exam.nat.internal.NativeTestContainer - sun.cpu.isalist = amd64
11:24:19.615 [main] DEBUG org.ops4j.pax.exam.nat.internal.NativeTestContainer - sun.desktop = windows
11:24:19.615 [main] DEBUG org.ops4j.pax.exam.nat.internal.NativeTestContainer - sun.io.unicode.encoding = UnicodeLittle
11:24:19.615 [main] DEBUG org.ops4j.pax.exam.nat.internal.NativeTestContainer - sun.java.command = E:\Users\massi\Documents\git\MicroSI\microsi-root\examples\bundle-example-impl\target\surefire\surefirebooter4567053533015611861.jar E:\Users\massi\Documents\git\MicroSI\microsi-root\examples\bundle-example-impl\target\surefire\surefire2962799287900618182tmp E:\Users\massi\Documents\git\MicroSI\microsi-root\examples\bundle-example-impl\target\surefire\surefire_08636714963400571547tmp
11:24:19.615 [main] DEBUG org.ops4j.pax.exam.nat.internal.NativeTestContainer - sun.java.launcher = SUN_STANDARD
11:24:19.615 [main] DEBUG org.ops4j.pax.exam.nat.internal.NativeTestContainer - sun.jnu.encoding = Cp1252
11:24:19.615 [main] DEBUG org.ops4j.pax.exam.nat.internal.NativeTestContainer - sun.management.compiler = HotSpot 64-Bit Tiered Compilers
11:24:19.615 [main] DEBUG org.ops4j.pax.exam.nat.internal.NativeTestContainer - sun.os.patch.level = 
11:24:19.615 [main] DEBUG org.ops4j.pax.exam.nat.internal.NativeTestContainer - surefire.real.class.path = E:\Users\massi\Documents\git\MicroSI\microsi-root\examples\bundle-example-impl\target\surefire\surefirebooter4567053533015611861.jar
11:24:19.615 [main] DEBUG org.ops4j.pax.exam.nat.internal.NativeTestContainer - surefire.test.class.path = E:\Users\massi\Documents\git\MicroSI\microsi-root\examples\bundle-example-impl\target\test-classes;E:\Users\massi\Documents\git\MicroSI\microsi-root\examples\bundle-example-impl\target\classes;E:\Users\massi\Documents\git\MicroSI\microsi-root\examples\bundle-example\target\classes;E:\Users\massi\.m2\repository\org\apache\felix\org.apache.felix.scr\2.0.8\org.apache.felix.scr-2.0.8.jar;E:\Users\massi\.m2\repository\org\codehaus\mojo\animal-sniffer-annotations\1.9\animal-sniffer-annotations-1.9.jar;E:\Users\massi\.m2\repository\org\osgi\org.osgi.compendium\5.0.0\org.osgi.compendium-5.0.0.jar;E:\Users\massi\.m2\repository\org\osgi\org.osgi.core\6.0.0\org.osgi.core-6.0.0.jar;E:\Users\massi\.m2\repository\junit\junit\4.11\junit-4.11.jar;E:\Users\massi\.m2\repository\org\hamcrest\hamcrest-core\1.3\hamcrest-core-1.3.jar;E:\Users\massi\.m2\repository\org\ops4j\pax\exam\pax-exam-junit4\4.10.0\pax-exam-junit4-4.10.0.jar;E:\Users\massi\.m2\repository\org\ops4j\pax\exam\pax-exam-spi\4.10.0\pax-exam-spi-4.10.0.jar;E:\Users\massi\.m2\repository\org\ops4j\base\ops4j-base-spi\1.5.0\ops4j-base-spi-1.5.0.jar;E:\Users\massi\.m2\repository\org\ops4j\pax\tinybundles\tinybundles\2.1.1\tinybundles-2.1.1.jar;E:\Users\massi\.m2\repository\biz\aQute\bnd\bndlib\2.4.0\bndlib-2.4.0.jar;E:\Users\massi\.m2\repository\org\ops4j\base\ops4j-base-lang\1.5.0\ops4j-base-lang-1.5.0.jar;E:\Users\massi\.m2\repository\org\ops4j\pax\exam\pax-exam-container-native\4.10.0\pax-exam-container-native-4.10.0.jar;E:\Users\massi\.m2\repository\org\ops4j\pax\exam\pax-exam\4.10.0\pax-exam-4.10.0.jar;E:\Users\massi\.m2\repository\org\ops4j\base\ops4j-base-store\1.5.0\ops4j-base-store-1.5.0.jar;E:\Users\massi\.m2\repository\org\ops4j\base\ops4j-base-io\1.5.0\ops4j-base-io-1.5.0.jar;E:\Users\massi\.m2\repository\org\ops4j\base\ops4j-base-util-property\1.5.0\ops4j-base-util-property-1.5.0.jar;E:\Users\massi\.m2\repository\org\ops4j\pax\swissbox\pax-swissbox-core\1.8.2\pax-swissbox-core-1.8.2.jar;E:\Users\massi\.m2\repository\org\ops4j\pax\swissbox\pax-swissbox-lifecycle\1.8.2\pax-swissbox-lifecycle-1.8.2.jar;E:\Users\massi\.m2\repository\org\ops4j\pax\swissbox\pax-swissbox-tracker\1.8.2\pax-swissbox-tracker-1.8.2.jar;E:\Users\massi\.m2\repository\org\ops4j\base\ops4j-base-net\1.5.0\ops4j-base-net-1.5.0.jar;E:\Users\massi\.m2\repository\org\ops4j\base\ops4j-base-monitors\1.5.0\ops4j-base-monitors-1.5.0.jar;E:\Users\massi\.m2\repository\org\ops4j\pax\url\pax-url-link\2.4.5\pax-url-link-2.4.5.jar;E:\Users\massi\.m2\repository\org\ops4j\pax\url\pax-url-commons\2.4.5\pax-url-commons-2.4.5.jar;E:\Users\massi\.m2\repository\org\ops4j\pax\swissbox\pax-swissbox-property\1.8.2\pax-swissbox-property-1.8.2.jar;E:\Users\massi\.m2\repository\org\ops4j\pax\url\pax-url-classpath\2.4.5\pax-url-classpath-2.4.5.jar;E:\Users\massi\.m2\repository\org\ops4j\pax\swissbox\pax-swissbox-optional-jcl\1.8.2\pax-swissbox-optional-jcl-1.8.2.jar;E:\Users\massi\.m2\repository\org\ops4j\pax\url\pax-url-aether\2.5.2\pax-url-aether-2.5.2.jar;E:\Users\massi\.m2\repository\org\ops4j\pax\url\pax-url-aether-support\2.5.2\pax-url-aether-support-2.5.2.jar;E:\Users\massi\.m2\repository\org\eclipse\aether\aether-impl\1.0.2.v20150114\aether-impl-1.0.2.v20150114.jar;E:\Users\massi\.m2\repository\org\eclipse\aether\aether-api\1.0.2.v20150114\aether-api-1.0.2.v20150114.jar;E:\Users\massi\.m2\repository\org\eclipse\aether\aether-spi\1.0.2.v20150114\aether-spi-1.0.2.v20150114.jar;E:\Users\massi\.m2\repository\org\eclipse\aether\aether-util\1.0.2.v20150114\aether-util-1.0.2.v20150114.jar;E:\Users\massi\.m2\repository\org\slf4j\jcl-over-slf4j\1.6.6\jcl-over-slf4j-1.6.6.jar;E:\Users\massi\.m2\repository\org\apache\felix\org.apache.felix.framework\5.6.2\org.apache.felix.framework-5.6.2.jar;E:\Users\massi\.m2\repository\org\slf4j\slf4j-api\1.7.25\slf4j-api-1.7.25.jar;E:\Users\massi\.m2\repository\ch\qos\logback\logback-classic\1.2.3\logback-classic-1.2.3.jar;E:\Users\massi\.m2\repository\ch\qos\logback\logback-core\1.2.3\logback-core-1.2.3.jar;E:\Users\massi\.m2\repository\javax\inject\javax.inject\1\javax.inject-1.jar;E:\Users\massi\.m2\repository\org\ops4j\pax\exam\pax-exam-link-mvn\4.10.0\pax-exam-link-mvn-4.10.0.jar;
11:24:19.616 [main] DEBUG org.ops4j.pax.exam.nat.internal.NativeTestContainer - user.country = US
11:24:19.616 [main] DEBUG org.ops4j.pax.exam.nat.internal.NativeTestContainer - user.dir = E:\Users\massi\Documents\git\MicroSI\microsi-root\examples\bundle-example-impl
11:24:19.616 [main] DEBUG org.ops4j.pax.exam.nat.internal.NativeTestContainer - user.home = E:\Users\massi
11:24:19.616 [main] DEBUG org.ops4j.pax.exam.nat.internal.NativeTestContainer - user.language = en
11:24:19.616 [main] DEBUG org.ops4j.pax.exam.nat.internal.NativeTestContainer - user.name = massi
11:24:19.616 [main] DEBUG org.ops4j.pax.exam.nat.internal.NativeTestContainer - user.script = 
11:24:19.616 [main] DEBUG org.ops4j.pax.exam.nat.internal.NativeTestContainer - user.timezone = Europe/Berlin
11:24:19.616 [main] DEBUG org.ops4j.pax.exam.nat.internal.NativeTestContainer - user.variant = 
11:24:20.553 [main] DEBUG org.ops4j.pax.url.mvn.internal.Connection - Resolving [mvn:org.ops4j.pax.exam/pax-exam/4.10.0]
11:24:20.591 [main] DEBUG shaded.org.eclipse.aether.internal.impl.DefaultLocalRepositoryProvider - Using manager PaxLocalRepositoryManager with priority 0.0 for E:\Users\massi\.m2\repository
11:24:20.599 [main] DEBUG org.ops4j.pax.url.mvn.internal.AetherBasedResolver - Resolved (org.ops4j.pax.exam:pax-exam:jar:4.10.0) as E:\Users\massi\.m2\repository\org\ops4j\pax\exam\pax-exam\4.10.0\pax-exam-4.10.0.jar
11:24:20.612 [main] DEBUG org.ops4j.pax.exam.nat.internal.NativeTestContainer - + Install (start@2) UrlProvisionOption{url='RawUrlReference{url='link:classpath:META-INF/links/org.ops4j.pax.exam.link'}'}
11:24:20.622 [main] DEBUG org.ops4j.pax.url.mvn.internal.Connection - Resolving [mvn:org.ops4j.pax.exam/pax-exam-inject/4.10.0]
11:24:20.625 [main] DEBUG shaded.org.eclipse.aether.internal.impl.DefaultLocalRepositoryProvider - Using manager PaxLocalRepositoryManager with priority 0.0 for E:\Users\massi\.m2\repository
11:24:20.625 [main] DEBUG org.ops4j.pax.url.mvn.internal.AetherBasedResolver - Resolved (org.ops4j.pax.exam:pax-exam-inject:jar:4.10.0) as E:\Users\massi\.m2\repository\org\ops4j\pax\exam\pax-exam-inject\4.10.0\pax-exam-inject-4.10.0.jar
11:24:20.630 [main] DEBUG org.ops4j.pax.exam.nat.internal.NativeTestContainer - + Install (start@2) UrlProvisionOption{url='RawUrlReference{url='link:classpath:META-INF/links/org.ops4j.pax.exam.inject.link'}'}
11:24:20.639 [main] DEBUG org.ops4j.pax.url.mvn.internal.Connection - Resolving [mvn:org.ops4j.pax.exam/pax-exam-extender-service/4.10.0]
11:24:20.641 [main] DEBUG shaded.org.eclipse.aether.internal.impl.DefaultLocalRepositoryProvider - Using manager PaxLocalRepositoryManager with priority 0.0 for E:\Users\massi\.m2\repository
11:24:20.641 [main] DEBUG org.ops4j.pax.url.mvn.internal.AetherBasedResolver - Resolved (org.ops4j.pax.exam:pax-exam-extender-service:jar:4.10.0) as E:\Users\massi\.m2\repository\org\ops4j\pax\exam\pax-exam-extender-service\4.10.0\pax-exam-extender-service-4.10.0.jar
11:24:20.648 [main] DEBUG org.ops4j.pax.exam.nat.internal.NativeTestContainer - + Install (start@2) UrlProvisionOption{url='RawUrlReference{url='link:classpath:META-INF/links/org.ops4j.pax.extender.service.link'}'}
11:24:20.666 [main] DEBUG org.ops4j.pax.url.mvn.internal.Connection - Resolving [mvn:org.osgi/org.osgi.compendium/4.3.1]
11:24:20.668 [main] DEBUG shaded.org.eclipse.aether.internal.impl.DefaultLocalRepositoryProvider - Using manager PaxLocalRepositoryManager with priority 0.0 for E:\Users\massi\.m2\repository
11:24:20.669 [main] DEBUG org.ops4j.pax.url.mvn.internal.AetherBasedResolver - Resolved (org.osgi:org.osgi.compendium:jar:4.3.1) as E:\Users\massi\.m2\repository\org\osgi\org.osgi.compendium\4.3.1\org.osgi.compendium-4.3.1.jar
11:24:20.680 [main] DEBUG org.ops4j.pax.exam.nat.internal.NativeTestContainer - + Install (start@2) UrlProvisionOption{url='RawUrlReference{url='link:classpath:META-INF/links/org.osgi.compendium.link'}'}
11:24:20.691 [main] DEBUG org.ops4j.pax.url.mvn.internal.Connection - Resolving [mvn:org.ops4j.pax.logging/pax-logging-api/1.8.4]
11:24:20.693 [main] DEBUG shaded.org.eclipse.aether.internal.impl.DefaultLocalRepositoryProvider - Using manager PaxLocalRepositoryManager with priority 0.0 for E:\Users\massi\.m2\repository
11:24:20.693 [main] DEBUG org.ops4j.pax.url.mvn.internal.AetherBasedResolver - Resolved (org.ops4j.pax.logging:pax-logging-api:jar:1.8.4) as E:\Users\massi\.m2\repository\org\ops4j\pax\logging\pax-logging-api\1.8.4\pax-logging-api-1.8.4.jar
11:24:20.700 [main] DEBUG org.ops4j.pax.exam.nat.internal.NativeTestContainer - + Install (start@2) UrlProvisionOption{url='RawUrlReference{url='link:classpath:META-INF/links/org.ops4j.pax.logging.api.link'}'}
11:24:20.706 [main] DEBUG org.ops4j.pax.url.mvn.internal.Connection - Resolving [mvn:org.ops4j.base/ops4j-base/1.5.0]
11:24:20.710 [main] DEBUG shaded.org.eclipse.aether.internal.impl.DefaultLocalRepositoryProvider - Using manager PaxLocalRepositoryManager with priority 0.0 for E:\Users\massi\.m2\repository
11:24:20.711 [main] DEBUG org.ops4j.pax.url.mvn.internal.AetherBasedResolver - Resolved (org.ops4j.base:ops4j-base:jar:1.5.0) as E:\Users\massi\.m2\repository\org\ops4j\base\ops4j-base\1.5.0\ops4j-base-1.5.0.jar
11:24:20.731 [main] DEBUG org.ops4j.pax.exam.nat.internal.NativeTestContainer - + Install (start@2) UrlProvisionOption{url='RawUrlReference{url='link:classpath:META-INF/links/org.ops4j.base.link'}'}
11:24:20.744 [main] DEBUG org.ops4j.pax.url.mvn.internal.Connection - Resolving [mvn:org.ops4j.pax.swissbox/pax-swissbox-core/1.8.2]
11:24:20.745 [main] DEBUG shaded.org.eclipse.aether.internal.impl.DefaultLocalRepositoryProvider - Using manager PaxLocalRepositoryManager with priority 0.0 for E:\Users\massi\.m2\repository
11:24:20.746 [main] DEBUG org.ops4j.pax.url.mvn.internal.AetherBasedResolver - Resolved (org.ops4j.pax.swissbox:pax-swissbox-core:jar:1.8.2) as E:\Users\massi\.m2\repository\org\ops4j\pax\swissbox\pax-swissbox-core\1.8.2\pax-swissbox-core-1.8.2.jar
11:24:20.749 [main] DEBUG org.ops4j.pax.exam.nat.internal.NativeTestContainer - + Install (start@2) UrlProvisionOption{url='RawUrlReference{url='link:classpath:META-INF/links/org.ops4j.pax.swissbox.core.link'}'}
11:24:20.755 [main] DEBUG org.ops4j.pax.url.mvn.internal.Connection - Resolving [mvn:org.ops4j.pax.swissbox/pax-swissbox-extender/1.8.2]
11:24:20.756 [main] DEBUG shaded.org.eclipse.aether.internal.impl.DefaultLocalRepositoryProvider - Using manager PaxLocalRepositoryManager with priority 0.0 for E:\Users\massi\.m2\repository
11:24:20.756 [main] DEBUG org.ops4j.pax.url.mvn.internal.AetherBasedResolver - Resolved (org.ops4j.pax.swissbox:pax-swissbox-extender:jar:1.8.2) as E:\Users\massi\.m2\repository\org\ops4j\pax\swissbox\pax-swissbox-extender\1.8.2\pax-swissbox-extender-1.8.2.jar
11:24:20.760 [main] DEBUG org.ops4j.pax.exam.nat.internal.NativeTestContainer - + Install (start@2) UrlProvisionOption{url='RawUrlReference{url='link:classpath:META-INF/links/org.ops4j.pax.swissbox.extender.link'}'}
11:24:20.765 [main] DEBUG org.ops4j.pax.url.mvn.internal.Connection - Resolving [mvn:org.ops4j.pax.swissbox/pax-swissbox-framework/1.8.2]
11:24:20.765 [main] DEBUG shaded.org.eclipse.aether.internal.impl.DefaultLocalRepositoryProvider - Using manager PaxLocalRepositoryManager with priority 0.0 for E:\Users\massi\.m2\repository
11:24:20.766 [main] DEBUG org.ops4j.pax.url.mvn.internal.AetherBasedResolver - Resolved (org.ops4j.pax.swissbox:pax-swissbox-framework:jar:1.8.2) as E:\Users\massi\.m2\repository\org\ops4j\pax\swissbox\pax-swissbox-framework\1.8.2\pax-swissbox-framework-1.8.2.jar
11:24:20.769 [main] DEBUG org.ops4j.pax.exam.nat.internal.NativeTestContainer - + Install (start@2) UrlProvisionOption{url='RawUrlReference{url='link:classpath:META-INF/links/org.ops4j.pax.swissbox.framework.link'}'}
11:24:20.773 [main] DEBUG org.ops4j.pax.url.mvn.internal.Connection - Resolving [mvn:org.ops4j.pax.swissbox/pax-swissbox-lifecycle/1.8.2]
11:24:20.774 [main] DEBUG shaded.org.eclipse.aether.internal.impl.DefaultLocalRepositoryProvider - Using manager PaxLocalRepositoryManager with priority 0.0 for E:\Users\massi\.m2\repository
11:24:20.774 [main] DEBUG org.ops4j.pax.url.mvn.internal.AetherBasedResolver - Resolved (org.ops4j.pax.swissbox:pax-swissbox-lifecycle:jar:1.8.2) as E:\Users\massi\.m2\repository\org\ops4j\pax\swissbox\pax-swissbox-lifecycle\1.8.2\pax-swissbox-lifecycle-1.8.2.jar
11:24:20.778 [main] DEBUG org.ops4j.pax.exam.nat.internal.NativeTestContainer - + Install (start@2) UrlProvisionOption{url='RawUrlReference{url='link:classpath:META-INF/links/org.ops4j.pax.swissbox.lifecycle.link'}'}
11:24:20.784 [main] DEBUG org.ops4j.pax.url.mvn.internal.Connection - Resolving [mvn:org.ops4j.pax.swissbox/pax-swissbox-tracker/1.8.2]
11:24:20.785 [main] DEBUG shaded.org.eclipse.aether.internal.impl.DefaultLocalRepositoryProvider - Using manager PaxLocalRepositoryManager with priority 0.0 for E:\Users\massi\.m2\repository
11:24:20.785 [main] DEBUG org.ops4j.pax.url.mvn.internal.AetherBasedResolver - Resolved (org.ops4j.pax.swissbox:pax-swissbox-tracker:jar:1.8.2) as E:\Users\massi\.m2\repository\org\ops4j\pax\swissbox\pax-swissbox-tracker\1.8.2\pax-swissbox-tracker-1.8.2.jar
11:24:20.789 [main] DEBUG org.ops4j.pax.exam.nat.internal.NativeTestContainer - + Install (start@2) UrlProvisionOption{url='RawUrlReference{url='link:classpath:META-INF/links/org.ops4j.pax.swissbox.tracker.link'}'}
11:24:20.795 [main] DEBUG org.ops4j.pax.url.mvn.internal.Connection - Resolving [mvn:org.apache.geronimo.specs/geronimo-atinject_1.0_spec/1.0]
11:24:20.796 [main] DEBUG shaded.org.eclipse.aether.internal.impl.DefaultLocalRepositoryProvider - Using manager PaxLocalRepositoryManager with priority 0.0 for E:\Users\massi\.m2\repository
11:24:20.797 [main] DEBUG org.ops4j.pax.url.mvn.internal.AetherBasedResolver - Resolved (org.apache.geronimo.specs:geronimo-atinject_1.0_spec:jar:1.0) as E:\Users\massi\.m2\repository\org\apache\geronimo\specs\geronimo-atinject_1.0_spec\1.0\geronimo-atinject_1.0_spec-1.0.jar
11:24:20.804 [main] DEBUG org.ops4j.pax.exam.nat.internal.NativeTestContainer - + Install (start@2) UrlProvisionOption{url='RawUrlReference{url='link:classpath:META-INF/links/org.apache.geronimo.specs.atinject.link'}'}
11:24:20.809 [main] DEBUG org.ops4j.pax.url.mvn.internal.Connection - Resolving [mvn:org.apache.felix/org.apache.felix.scr/2.0.8]
11:24:20.811 [main] DEBUG shaded.org.eclipse.aether.internal.impl.DefaultLocalRepositoryProvider - Using manager PaxLocalRepositoryManager with priority 0.0 for E:\Users\massi\.m2\repository
11:24:20.811 [main] DEBUG org.ops4j.pax.url.mvn.internal.AetherBasedResolver - Resolved (org.apache.felix:org.apache.felix.scr:jar:2.0.8) as E:\Users\massi\.m2\repository\org\apache\felix\org.apache.felix.scr\2.0.8\org.apache.felix.scr-2.0.8.jar
11:24:20.816 [main] DEBUG org.ops4j.pax.exam.nat.internal.NativeTestContainer - + Install (start@3) MavenArtifactUrlReference{groupId='org.apache.felix', artifactId='org.apache.felix.scr', version='2.0.8', type='null'}
11:24:20.818 [main] DEBUG org.ops4j.pax.url.mvn.internal.Connection - Resolving [mvn:com.massimobono.microsi.examples/bundle-example-impl/0.0.1-SNAPSHOT]
11:24:20.820 [main] DEBUG shaded.org.eclipse.aether.internal.impl.DefaultLocalRepositoryProvider - Using manager PaxLocalRepositoryManager with priority 0.0 for E:\Users\massi\.m2\repository
11:24:20.859 [main] DEBUG org.ops4j.pax.url.mvn.internal.AetherBasedResolver - Resolved (com.massimobono.microsi.examples:bundle-example-impl:jar:0.0.1-SNAPSHOT) as E:\Users\massi\.m2\repository\com\massimobono\microsi\examples\bundle-example-impl\0.0.1-SNAPSHOT\bundle-example-impl-0.0.1-SNAPSHOT.jar
11:24:20.862 [main] DEBUG org.ops4j.pax.exam.nat.internal.NativeTestContainer - + Install (start@3) MavenArtifactUrlReference{groupId='com.massimobono.microsi.examples', artifactId='bundle-example-impl', version='0.0.1-SNAPSHOT', type='null'}
]]></system-out>
  </testcase>
</testsuite>