-------------------------------------------------------------------------------
Test set: com.massimobono.microsi.examples.bundleexample.impl.TestBundleExampleImpl
-------------------------------------------------------------------------------
Tests run: 2, Failures: 0, Errors: 2, Skipped: 0, Time elapsed: 22.169 sec <<< FAILURE!
simpleGreetingImplCheck(com.massimobono.microsi.examples.bundleexample.impl.TestBundleExampleImpl)  Time elapsed: 10.128 sec  <<< ERROR!
org.ops4j.pax.swissbox.tracker.ServiceLookupException: gave up waiting for service com.massimobono.microsi.examples.bundleexample.BundleExample
	at org.ops4j.pax.swissbox.tracker.ServiceLookup.getService(ServiceLookup.java:199)
	at org.ops4j.pax.swissbox.tracker.ServiceLookup.getService(ServiceLookup.java:136)
	at org.ops4j.pax.exam.inject.internal.ServiceInjector.injectField(ServiceInjector.java:89)
	at org.ops4j.pax.exam.inject.internal.ServiceInjector.injectDeclaredFields(ServiceInjector.java:69)
	at org.ops4j.pax.exam.inject.internal.ServiceInjector.injectFields(ServiceInjector.java:61)
	at org.ops4j.pax.exam.invoker.junit.internal.ContainerTestRunner.createTest(ContainerTestRunner.java:68)
	at org.junit.runners.BlockJUnit4ClassRunner$1.runReflectiveCall(BlockJUnit4ClassRunner.java:266)
	at org.junit.internal.runners.model.ReflectiveCallable.run(ReflectiveCallable.java:12)
	at org.junit.runners.BlockJUnit4ClassRunner.methodBlock(BlockJUnit4ClassRunner.java:263)
	at org.ops4j.pax.exam.invoker.junit.internal.ContainerTestRunner.runChildWithRetry(ContainerTestRunner.java:84)
	at org.ops4j.pax.exam.invoker.junit.internal.ContainerTestRunner.runChild(ContainerTestRunner.java:75)
	at org.ops4j.pax.exam.invoker.junit.internal.ContainerTestRunner.runChild(ContainerTestRunner.java:44)
	at org.junit.runners.ParentRunner$3.run(ParentRunner.java:290)
	at org.junit.runners.ParentRunner$1.schedule(ParentRunner.java:71)
	at org.junit.runners.ParentRunner.runChildren(ParentRunner.java:288)
	at org.junit.runners.ParentRunner.access$000(ParentRunner.java:58)
	at org.junit.runners.ParentRunner$2.evaluate(ParentRunner.java:268)
	at org.junit.runners.ParentRunner.run(ParentRunner.java:363)
	at org.junit.runner.JUnitCore.run(JUnitCore.java:137)
	at org.junit.runner.JUnitCore.run(JUnitCore.java:115)
	at org.ops4j.pax.exam.invoker.junit.internal.JUnitProbeInvoker.invokeViaJUnit(JUnitProbeInvoker.java:124)
	at org.ops4j.pax.exam.invoker.junit.internal.JUnitProbeInvoker.findAndInvoke(JUnitProbeInvoker.java:97)
	at org.ops4j.pax.exam.invoker.junit.internal.JUnitProbeInvoker.call(JUnitProbeInvoker.java:73)
	at org.ops4j.pax.exam.nat.internal.NativeTestContainer.call(NativeTestContainer.java:112)
	at org.ops4j.pax.exam.spi.reactors.EagerSingleStagedReactor.invoke(EagerSingleStagedReactor.java:109)
	at org.ops4j.pax.exam.junit.impl.ProbeRunner$2.evaluate(ProbeRunner.java:267)
	at org.junit.runners.ParentRunner.runLeaf(ParentRunner.java:271)
	at org.junit.runners.BlockJUnit4ClassRunner.runChild(BlockJUnit4ClassRunner.java:70)
	at org.junit.runners.BlockJUnit4ClassRunner.runChild(BlockJUnit4ClassRunner.java:50)
	at org.junit.runners.ParentRunner$3.run(ParentRunner.java:238)
	at org.junit.runners.ParentRunner$1.schedule(ParentRunner.java:63)
	at org.junit.runners.ParentRunner.runChildren(ParentRunner.java:236)
	at org.junit.runners.ParentRunner.access$000(ParentRunner.java:53)
	at org.junit.runners.ParentRunner$2.evaluate(ParentRunner.java:229)
	at org.junit.runners.ParentRunner.run(ParentRunner.java:309)
	at org.ops4j.pax.exam.junit.impl.ProbeRunner.run(ProbeRunner.java:98)
	at org.ops4j.pax.exam.junit.PaxExam.run(PaxExam.java:93)
	at org.apache.maven.surefire.junit4.JUnit4Provider.execute(JUnit4Provider.java:252)
	at org.apache.maven.surefire.junit4.JUnit4Provider.executeTestSet(JUnit4Provider.java:141)
	at org.apache.maven.surefire.junit4.JUnit4Provider.invoke(JUnit4Provider.java:112)
	at sun.reflect.NativeMethodAccessorImpl.invoke0(Native Method)
	at sun.reflect.NativeMethodAccessorImpl.invoke(Unknown Source)
	at sun.reflect.DelegatingMethodAccessorImpl.invoke(Unknown Source)
	at java.lang.reflect.Method.invoke(Unknown Source)
	at org.apache.maven.surefire.util.ReflectionUtils.invokeMethodWithArray(ReflectionUtils.java:189)
	at org.apache.maven.surefire.booter.ProviderFactory$ProviderProxy.invoke(ProviderFactory.java:165)
	at org.apache.maven.surefire.booter.ProviderFactory.invokeProvider(ProviderFactory.java:85)
	at org.apache.maven.surefire.booter.ForkedBooter.runSuitesInProcess(ForkedBooter.java:115)
	at org.apache.maven.surefire.booter.ForkedBooter.main(ForkedBooter.java:75)

test(com.massimobono.microsi.examples.bundleexample.impl.TestBundleExampleImpl)  Time elapsed: 10.002 sec  <<< ERROR!
org.ops4j.pax.swissbox.tracker.ServiceLookupException: gave up waiting for service com.massimobono.microsi.examples.bundleexample.BundleExample
	at org.ops4j.pax.swissbox.tracker.ServiceLookup.getService(ServiceLookup.java:199)
	at org.ops4j.pax.swissbox.tracker.ServiceLookup.getService(ServiceLookup.java:136)
	at org.ops4j.pax.exam.inject.internal.ServiceInjector.injectField(ServiceInjector.java:89)
	at org.ops4j.pax.exam.inject.internal.ServiceInjector.injectDeclaredFields(ServiceInjector.java:69)
	at org.ops4j.pax.exam.inject.internal.ServiceInjector.injectFields(ServiceInjector.java:61)
	at org.ops4j.pax.exam.invoker.junit.internal.ContainerTestRunner.createTest(ContainerTestRunner.java:68)
	at org.junit.runners.BlockJUnit4ClassRunner$1.runReflectiveCall(BlockJUnit4ClassRunner.java:266)
	at org.junit.internal.runners.model.ReflectiveCallable.run(ReflectiveCallable.java:12)
	at org.junit.runners.BlockJUnit4ClassRunner.methodBlock(BlockJUnit4ClassRunner.java:263)
	at org.ops4j.pax.exam.invoker.junit.internal.ContainerTestRunner.runChildWithRetry(ContainerTestRunner.java:84)
	at org.ops4j.pax.exam.invoker.junit.internal.ContainerTestRunner.runChild(ContainerTestRunner.java:75)
	at org.ops4j.pax.exam.invoker.junit.internal.ContainerTestRunner.runChild(ContainerTestRunner.java:44)
	at org.junit.runners.ParentRunner$3.run(ParentRunner.java:290)
	at org.junit.runners.ParentRunner$1.schedule(ParentRunner.java:71)
	at org.junit.runners.ParentRunner.runChildren(ParentRunner.java:288)
	at org.junit.runners.ParentRunner.access$000(ParentRunner.java:58)
	at org.junit.runners.ParentRunner$2.evaluate(ParentRunner.java:268)
	at org.junit.runners.ParentRunner.run(ParentRunner.java:363)
	at org.junit.runner.JUnitCore.run(JUnitCore.java:137)
	at org.junit.runner.JUnitCore.run(JUnitCore.java:115)
	at org.ops4j.pax.exam.invoker.junit.internal.JUnitProbeInvoker.invokeViaJUnit(JUnitProbeInvoker.java:124)
	at org.ops4j.pax.exam.invoker.junit.internal.JUnitProbeInvoker.findAndInvoke(JUnitProbeInvoker.java:97)
	at org.ops4j.pax.exam.invoker.junit.internal.JUnitProbeInvoker.call(JUnitProbeInvoker.java:73)
	at org.ops4j.pax.exam.nat.internal.NativeTestContainer.call(NativeTestContainer.java:112)
	at org.ops4j.pax.exam.spi.reactors.EagerSingleStagedReactor.invoke(EagerSingleStagedReactor.java:109)
	at org.ops4j.pax.exam.junit.impl.ProbeRunner$2.evaluate(ProbeRunner.java:267)
	at org.junit.runners.ParentRunner.runLeaf(ParentRunner.java:271)
	at org.junit.runners.BlockJUnit4ClassRunner.runChild(BlockJUnit4ClassRunner.java:70)
	at org.junit.runners.BlockJUnit4ClassRunner.runChild(BlockJUnit4ClassRunner.java:50)
	at org.junit.runners.ParentRunner$3.run(ParentRunner.java:238)
	at org.junit.runners.ParentRunner$1.schedule(ParentRunner.java:63)
	at org.junit.runners.ParentRunner.runChildren(ParentRunner.java:236)
	at org.junit.runners.ParentRunner.access$000(ParentRunner.java:53)
	at org.junit.runners.ParentRunner$2.evaluate(ParentRunner.java:229)
	at org.junit.runners.ParentRunner.run(ParentRunner.java:309)
	at org.ops4j.pax.exam.junit.impl.ProbeRunner.run(ProbeRunner.java:98)
	at org.ops4j.pax.exam.junit.PaxExam.run(PaxExam.java:93)
	at org.apache.maven.surefire.junit4.JUnit4Provider.execute(JUnit4Provider.java:252)
	at org.apache.maven.surefire.junit4.JUnit4Provider.executeTestSet(JUnit4Provider.java:141)
	at org.apache.maven.surefire.junit4.JUnit4Provider.invoke(JUnit4Provider.java:112)
	at sun.reflect.NativeMethodAccessorImpl.invoke0(Native Method)
	at sun.reflect.NativeMethodAccessorImpl.invoke(Unknown Source)
	at sun.reflect.DelegatingMethodAccessorImpl.invoke(Unknown Source)
	at java.lang.reflect.Method.invoke(Unknown Source)
	at org.apache.maven.surefire.util.ReflectionUtils.invokeMethodWithArray(ReflectionUtils.java:189)
	at org.apache.maven.surefire.booter.ProviderFactory$ProviderProxy.invoke(ProviderFactory.java:165)
	at org.apache.maven.surefire.booter.ProviderFactory.invokeProvider(ProviderFactory.java:85)
	at org.apache.maven.surefire.booter.ForkedBooter.runSuitesInProcess(ForkedBooter.java:115)
	at org.apache.maven.surefire.booter.ForkedBooter.main(ForkedBooter.java:75)

