<?xml version="1.0" encoding="UTF-8" ?>
<testsuite tests="2" failures="0" name="com.massimobono.microsi.examples.bundleexample.TestBundleExampleImpl" time="20.152" errors="2" skipped="0">
  <properties>
[...]
</properties>
  <testcase classname="com.massimobono.microsi.examples.bundleexample.TestBundleExampleImpl" name="simpleGreetingImplCheck" time="10.141">
    <error message="gave up waiting for service com.massimobono.microsi.examples.bundleexample.BundleExample" type="org.ops4j.pax.swissbox.tracker.ServiceLookupException">org.ops4j.pax.swissbox.tracker.ServiceLookupException: gave up waiting for service com.massimobono.microsi.examples.bundleexample.BundleExample
	at org.ops4j.pax.swissbox.tracker.ServiceLookup.getService(ServiceLookup.java:199)
	at org.ops4j.pax.swissbox.tracker.ServiceLookup.getService(ServiceLookup.java:136)
	at org.ops4j.pax.exam.inject.internal.ServiceInjector.injectField(ServiceInjector.java:89)
	at org.ops4j.pax.exam.inject.internal.ServiceInjector.injectDeclaredFields(ServiceInjector.java:69)
	at org.ops4j.pax.exam.inject.internal.ServiceInjector.injectFields(ServiceInjector.java:61)
	at org.ops4j.pax.exam.invoker.junit.internal.ContainerTestRunner.createTest(ContainerTestRunner.java:68)
	at org.junit.runners.BlockJUnit4ClassRunner$1.runReflectiveCall(BlockJUnit4ClassRunner.java:266)
	at org.junit.internal.runners.model.ReflectiveCallable.run(ReflectiveCallable.java:12)
	at org.junit.runners.BlockJUnit4ClassRunner.methodBlock(BlockJUnit4ClassRunner.java:263)
	at org.ops4j.pax.exam.invoker.junit.internal.ContainerTestRunner.runChildWithRetry(ContainerTestRunner.java:84)
	at org.ops4j.pax.exam.invoker.junit.internal.ContainerTestRunner.runChild(ContainerTestRunner.java:75)
	at org.ops4j.pax.exam.invoker.junit.internal.ContainerTestRunner.runChild(ContainerTestRunner.java:44)
	at org.junit.runners.ParentRunner$3.run(ParentRunner.java:290)
	at org.junit.runners.ParentRunner$1.schedule(ParentRunner.java:71)
	at org.junit.runners.ParentRunner.runChildren(ParentRunner.java:288)
	at org.junit.runners.ParentRunner.access$000(ParentRunner.java:58)
	at org.junit.runners.ParentRunner$2.evaluate(ParentRunner.java:268)
	at org.junit.runners.ParentRunner.run(ParentRunner.java:363)
	at org.junit.runner.JUnitCore.run(JUnitCore.java:137)
	at org.junit.runner.JUnitCore.run(JUnitCore.java:115)
	at org.ops4j.pax.exam.invoker.junit.internal.JUnitProbeInvoker.invokeViaJUnit(JUnitProbeInvoker.java:124)
	at org.ops4j.pax.exam.invoker.junit.internal.JUnitProbeInvoker.findAndInvoke(JUnitProbeInvoker.java:97)
	at org.ops4j.pax.exam.invoker.junit.internal.JUnitProbeInvoker.call(JUnitProbeInvoker.java:73)
	at org.ops4j.pax.exam.nat.internal.NativeTestContainer.call(NativeTestContainer.java:112)
	at org.ops4j.pax.exam.spi.reactors.EagerSingleStagedReactor.invoke(EagerSingleStagedReactor.java:109)
	at org.ops4j.pax.exam.junit.impl.ProbeRunner$2.evaluate(ProbeRunner.java:267)
	at org.junit.runners.ParentRunner.runLeaf(ParentRunner.java:271)
	at org.junit.runners.BlockJUnit4ClassRunner.runChild(BlockJUnit4ClassRunner.java:70)
	at org.junit.runners.BlockJUnit4ClassRunner.runChild(BlockJUnit4ClassRunner.java:50)
	at org.junit.runners.ParentRunner$3.run(ParentRunner.java:238)
	at org.junit.runners.ParentRunner$1.schedule(ParentRunner.java:63)
	at org.junit.runners.ParentRunner.runChildren(ParentRunner.java:236)
	at org.junit.runners.ParentRunner.access$000(ParentRunner.java:53)
	at org.junit.runners.ParentRunner$2.evaluate(ParentRunner.java:229)
	at org.junit.runners.ParentRunner.run(ParentRunner.java:309)
	at org.ops4j.pax.exam.junit.impl.ProbeRunner.run(ProbeRunner.java:98)
	at org.ops4j.pax.exam.junit.PaxExam.run(PaxExam.java:93)
	at org.apache.maven.surefire.junit4.JUnit4Provider.execute(JUnit4Provider.java:252)
	at org.apache.maven.surefire.junit4.JUnit4Provider.executeTestSet(JUnit4Provider.java:141)
	at org.apache.maven.surefire.junit4.JUnit4Provider.invoke(JUnit4Provider.java:112)
	at sun.reflect.NativeMethodAccessorImpl.invoke0(Native Method)
	at sun.reflect.NativeMethodAccessorImpl.invoke(Unknown Source)
	at sun.reflect.DelegatingMethodAccessorImpl.invoke(Unknown Source)
	at java.lang.reflect.Method.invoke(Unknown Source)
	at org.apache.maven.surefire.util.ReflectionUtils.invokeMethodWithArray(ReflectionUtils.java:189)
	at org.apache.maven.surefire.booter.ProviderFactory$ProviderProxy.invoke(ProviderFactory.java:165)
	at org.apache.maven.surefire.booter.ProviderFactory.invokeProvider(ProviderFactory.java:85)
	at org.apache.maven.surefire.booter.ForkedBooter.runSuitesInProcess(ForkedBooter.java:115)
	at org.apache.maven.surefire.booter.ForkedBooter.main(ForkedBooter.java:75)
</error>
    <system-out>13:08:04.874 [main] INFO org.ops4j.pax.exam.spi.DefaultExamSystem - Pax Exam System (Version: 4.10.0) created.
13:08:04.881 [main] DEBUG org.ops4j.store.intern.TemporaryStore - Storage Area is E:\Users\massi\AppData\Local\Temp\1491476884878-0
13:08:04.929 [main] INFO org.ops4j.pax.exam.junit.impl.ProbeRunner - creating PaxExam runner for class com.massimobono.microsi.examples.bundleexample.TestBundleExampleImpl
13:08:04.935 [main] DEBUG org.ops4j.pax.exam.spi.PaxExamRuntime - Found TestContainerFactory: org.ops4j.pax.exam.nat.internal.NativeTestContainerFactory
13:08:04.940 [main] DEBUG org.ops4j.pax.exam.spi.DefaultExamSystem - creating default probe
13:08:05.188 [main] DEBUG org.ops4j.pax.exam.spi.reactors.ReactorManager - No User defined probe hook found
13:08:05.189 [main] DEBUG org.ops4j.pax.exam.spi.intern.DefaultTestAddress - NEW ADDRESS= PaxExam-cefe3485-fd70-48e6-b928-d415a85b811e parent=null root=[TestAddress:PaxExam-cefe3485-fd70-48e6-b928-d415a85b811e root:PaxExam-cefe3485-fd70-48e6-b928-d415a85b811e] args=[Ljava.lang.Object;@3cbbc1e0
13:08:05.190 [main] DEBUG org.ops4j.pax.exam.spi.intern.DefaultTestAddress - NEW ADDRESS= PaxExam-e9526aa4-ee22-44a4-8f46-3660a5fb372c parent=null root=[TestAddress:PaxExam-e9526aa4-ee22-44a4-8f46-3660a5fb372c root:PaxExam-e9526aa4-ee22-44a4-8f46-3660a5fb372c] args=[Ljava.lang.Object;@54a097cc
13:08:05.191 [main] DEBUG org.ops4j.pax.exam.spi.DefaultExamReactor - Staging reactor with probes: 1 using strategy: org.ops4j.pax.exam.spi.reactors.PerClass@36f6e879
13:08:05.191 [main] DEBUG org.ops4j.store.intern.TemporaryStore - Storage Area is E:\Users\massi\AppData\Local\Temp\1491476884878-0
13:08:05.211 [main] DEBUG org.ops4j.pax.exam.spi.intern.DefaultTestAddress - NEW ADDRESS= PaxExam-8141dd6d-c48f-4710-ac61-85ef55333c73 parent=[TestAddress:PaxExam-cefe3485-fd70-48e6-b928-d415a85b811e root:PaxExam-cefe3485-fd70-48e6-b928-d415a85b811e] root=[TestAddress:PaxExam-cefe3485-fd70-48e6-b928-d415a85b811e root:PaxExam-cefe3485-fd70-48e6-b928-d415a85b811e] args=[Ljava.lang.Object;@7946e1f4
13:08:05.211 [main] DEBUG org.ops4j.pax.exam.spi.intern.DefaultTestAddress - NEW ADDRESS= PaxExam-a6280b52-13eb-4ecd-9107-50f19235ccbc parent=[TestAddress:PaxExam-e9526aa4-ee22-44a4-8f46-3660a5fb372c root:PaxExam-e9526aa4-ee22-44a4-8f46-3660a5fb372c] root=[TestAddress:PaxExam-e9526aa4-ee22-44a4-8f46-3660a5fb372c root:PaxExam-e9526aa4-ee22-44a4-8f46-3660a5fb372c] args=[Ljava.lang.Object;@3c09711b
13:08:05.211 [main] INFO org.ops4j.pax.exam.junit.impl.ProbeRunner - running test class com.massimobono.microsi.examples.bundleexample.TestBundleExampleImpl
13:08:05.212 [main] DEBUG org.ops4j.store.intern.TemporaryStore - Storage Area is E:\Users\massi\AppData\Local\Temp\1491476884878-0
13:08:05.215 [main] DEBUG org.ops4j.pax.exam.nat.internal.NativeTestContainer - ==== Framework properties:
13:08:05.215 [main] DEBUG org.ops4j.pax.exam.nat.internal.NativeTestContainer - org.osgi.framework.storage.clean = onFirstInit
13:08:05.216 [main] DEBUG org.ops4j.pax.exam.nat.internal.NativeTestContainer - org.osgi.framework.bootdelegation = sun.*
13:08:05.216 [main] DEBUG org.ops4j.pax.exam.nat.internal.NativeTestContainer - org.osgi.framework.storage = E:\Users\massi\AppData\Local\Temp\1491476884878-0
13:08:05.216 [main] DEBUG org.ops4j.pax.exam.nat.internal.NativeTestContainer - org.osgi.framework.system.packages.extra = org.ops4j.pax.exam;version=4.10.0,org.ops4j.pax.exam.options;version=4.10.0,org.ops4j.pax.exam.util;version=4.10.0
13:08:05.216 [main] DEBUG org.ops4j.pax.exam.nat.internal.NativeTestContainer - ==== System properties:
13:08:05.218 [main] DEBUG org.ops4j.pax.exam.nat.internal.NativeTestContainer - awt.toolkit = sun.awt.windows.WToolkit
13:08:05.218 [main] DEBUG org.ops4j.pax.exam.nat.internal.NativeTestContainer - basedir = E:\Users\massi\Documents\git\MicroSI\microsi-root\examples\itest-bundle-example
13:08:05.218 [main] DEBUG org.ops4j.pax.exam.nat.internal.NativeTestContainer - file.encoding = Cp1252
13:08:05.218 [main] DEBUG org.ops4j.pax.exam.nat.internal.NativeTestContainer - file.encoding.pkg = sun.io
13:08:05.218 [main] DEBUG org.ops4j.pax.exam.nat.internal.NativeTestContainer - file.separator = \
13:08:05.218 [main] DEBUG org.ops4j.pax.exam.nat.internal.NativeTestContainer - java.awt.graphicsenv = sun.awt.Win32GraphicsEnvironment
13:08:05.218 [main] DEBUG org.ops4j.pax.exam.nat.internal.NativeTestContainer - java.awt.printerjob = sun.awt.windows.WPrinterJob
13:08:05.218 [main] DEBUG org.ops4j.pax.exam.nat.internal.NativeTestContainer - java.class.path = E:\Users\massi\Documents\git\MicroSI\microsi-root\examples\itest-bundle-example\target\test-classes;E:\Users\massi\Documents\git\MicroSI\microsi-root\examples\itest-bundle-example\target\classes;E:\Users\massi\.m2\repository\com\massimobono\microsi\examples\bundle-example\0.0.1-SNAPSHOT\bundle-example-0.0.1-SNAPSHOT.jar;E:\Users\massi\.m2\repository\junit\junit\4.11\junit-4.11.jar;E:\Users\massi\.m2\repository\org\hamcrest\hamcrest-core\1.3\hamcrest-core-1.3.jar;E:\Users\massi\.m2\repository\org\ops4j\pax\exam\pax-exam-junit4\4.10.0\pax-exam-junit4-4.10.0.jar;E:\Users\massi\.m2\repository\org\ops4j\pax\exam\pax-exam-spi\4.10.0\pax-exam-spi-4.10.0.jar;E:\Users\massi\.m2\repository\org\ops4j\base\ops4j-base-spi\1.5.0\ops4j-base-spi-1.5.0.jar;E:\Users\massi\.m2\repository\org\ops4j\pax\tinybundles\tinybundles\2.1.1\tinybundles-2.1.1.jar;E:\Users\massi\.m2\repository\biz\aQute\bnd\bndlib\2.4.0\bndlib-2.4.0.jar;E:\Users\massi\.m2\repository\org\ops4j\base\ops4j-base-lang\1.5.0\ops4j-base-lang-1.5.0.jar;E:\Users\massi\.m2\repository\org\ops4j\pax\exam\pax-exam-container-native\4.10.0\pax-exam-container-native-4.10.0.jar;E:\Users\massi\.m2\repository\org\ops4j\pax\exam\pax-exam\4.10.0\pax-exam-4.10.0.jar;E:\Users\massi\.m2\repository\org\ops4j\base\ops4j-base-store\1.5.0\ops4j-base-store-1.5.0.jar;E:\Users\massi\.m2\repository\org\ops4j\base\ops4j-base-io\1.5.0\ops4j-base-io-1.5.0.jar;E:\Users\massi\.m2\repository\org\ops4j\base\ops4j-base-util-property\1.5.0\ops4j-base-util-property-1.5.0.jar;E:\Users\massi\.m2\repository\org\ops4j\pax\swissbox\pax-swissbox-core\1.8.2\pax-swissbox-core-1.8.2.jar;E:\Users\massi\.m2\repository\org\ops4j\pax\swissbox\pax-swissbox-lifecycle\1.8.2\pax-swissbox-lifecycle-1.8.2.jar;E:\Users\massi\.m2\repository\org\ops4j\pax\swissbox\pax-swissbox-tracker\1.8.2\pax-swissbox-tracker-1.8.2.jar;E:\Users\massi\.m2\repository\org\ops4j\base\ops4j-base-net\1.5.0\ops4j-base-net-1.5.0.jar;E:\Users\massi\.m2\repository\org\ops4j\base\ops4j-base-monitors\1.5.0\ops4j-base-monitors-1.5.0.jar;E:\Users\massi\.m2\repository\org\ops4j\pax\url\pax-url-link\2.4.5\pax-url-link-2.4.5.jar;E:\Users\massi\.m2\repository\org\ops4j\pax\url\pax-url-commons\2.4.5\pax-url-commons-2.4.5.jar;E:\Users\massi\.m2\repository\org\ops4j\pax\swissbox\pax-swissbox-property\1.8.2\pax-swissbox-property-1.8.2.jar;E:\Users\massi\.m2\repository\org\ops4j\pax\url\pax-url-classpath\2.4.5\pax-url-classpath-2.4.5.jar;E:\Users\massi\.m2\repository\org\ops4j\pax\swissbox\pax-swissbox-optional-jcl\1.8.2\pax-swissbox-optional-jcl-1.8.2.jar;E:\Users\massi\.m2\repository\org\ops4j\pax\url\pax-url-aether\2.5.2\pax-url-aether-2.5.2.jar;E:\Users\massi\.m2\repository\org\ops4j\pax\url\pax-url-aether-support\2.5.2\pax-url-aether-support-2.5.2.jar;E:\Users\massi\.m2\repository\org\eclipse\aether\aether-impl\1.0.2.v20150114\aether-impl-1.0.2.v20150114.jar;E:\Users\massi\.m2\repository\org\eclipse\aether\aether-api\1.0.2.v20150114\aether-api-1.0.2.v20150114.jar;E:\Users\massi\.m2\repository\org\eclipse\aether\aether-spi\1.0.2.v20150114\aether-spi-1.0.2.v20150114.jar;E:\Users\massi\.m2\repository\org\eclipse\aether\aether-util\1.0.2.v20150114\aether-util-1.0.2.v20150114.jar;E:\Users\massi\.m2\repository\org\slf4j\jcl-over-slf4j\1.6.6\jcl-over-slf4j-1.6.6.jar;E:\Users\massi\.m2\repository\org\apache\felix\org.apache.felix.framework\5.6.2\org.apache.felix.framework-5.6.2.jar;E:\Users\massi\.m2\repository\org\slf4j\slf4j-api\1.7.25\slf4j-api-1.7.25.jar;E:\Users\massi\.m2\repository\ch\qos\logback\logback-classic\1.2.3\logback-classic-1.2.3.jar;E:\Users\massi\.m2\repository\ch\qos\logback\logback-core\1.2.3\logback-core-1.2.3.jar;E:\Users\massi\.m2\repository\javax\inject\javax.inject\1\javax.inject-1.jar;E:\Users\massi\.m2\repository\org\ops4j\pax\exam\pax-exam-link-assembly\4.10.0\pax-exam-link-assembly-4.10.0.jar;
13:08:05.218 [main] DEBUG org.ops4j.pax.exam.nat.internal.NativeTestContainer - java.class.version = 52.0
13:08:05.219 [main] DEBUG org.ops4j.pax.exam.nat.internal.NativeTestContainer - java.endorsed.dirs = C:\Program Files\Java\jre1.8.0_121\lib\endorsed
13:08:05.219 [main] DEBUG org.ops4j.pax.exam.nat.internal.NativeTestContainer - java.ext.dirs = C:\Program Files\Java\jre1.8.0_121\lib\ext;C:\WINDOWS\Sun\Java\lib\ext
13:08:05.219 [main] DEBUG org.ops4j.pax.exam.nat.internal.NativeTestContainer - java.home = C:\Program Files\Java\jre1.8.0_121
13:08:05.219 [main] DEBUG org.ops4j.pax.exam.nat.internal.NativeTestContainer - java.io.tmpdir = E:\Users\massi\AppData\Local\Temp\
13:08:05.219 [main] DEBUG org.ops4j.pax.exam.nat.internal.NativeTestContainer - java.library.path = C:\Program Files\Java\jre1.8.0_121\bin;C:\WINDOWS\Sun\Java\bin;C:\WINDOWS\system32;C:\WINDOWS;C:/Program Files/Java/jre1.8.0_121/bin/server;C:/Program Files/Java/jre1.8.0_121/bin;C:/Program Files/Java/jre1.8.0_121/lib/amd64;C:\ProgramData\Oracle\Java\javapath;C:\WINDOWS\system32;C:\WINDOWS;C:\WINDOWS\System32\Wbem;C:\WINDOWS\System32\WindowsPowerShell\v1.0\;C:\Program Files (x86)\Skype\Phone\;C:\Program Files\Git\cmd;C:\Program Files\MiKTeX 2.9\miktex\bin\x64\;C:\Program Files\TortoiseSVN\bin;E:\Users\massi\AppData\Local\Microsoft\WindowsApps;;C:\Program Files\Eclipse\java-neon\eclipse;;.
13:08:05.219 [main] DEBUG org.ops4j.pax.exam.nat.internal.NativeTestContainer - java.protocol.handler.pkgs = org.ops4j.pax.url
13:08:05.219 [main] DEBUG org.ops4j.pax.exam.nat.internal.NativeTestContainer - java.runtime.name = Java(TM) SE Runtime Environment
13:08:05.219 [main] DEBUG org.ops4j.pax.exam.nat.internal.NativeTestContainer - java.runtime.version = 1.8.0_121-b13
13:08:05.219 [main] DEBUG org.ops4j.pax.exam.nat.internal.NativeTestContainer - java.specification.name = Java Platform API Specification
13:08:05.219 [main] DEBUG org.ops4j.pax.exam.nat.internal.NativeTestContainer - java.specification.vendor = Oracle Corporation
13:08:05.219 [main] DEBUG org.ops4j.pax.exam.nat.internal.NativeTestContainer - java.specification.version = 1.8
13:08:05.219 [main] DEBUG org.ops4j.pax.exam.nat.internal.NativeTestContainer - java.vendor = Oracle Corporation
13:08:05.219 [main] DEBUG org.ops4j.pax.exam.nat.internal.NativeTestContainer - java.vendor.url = http://java.oracle.com/
13:08:05.219 [main] DEBUG org.ops4j.pax.exam.nat.internal.NativeTestContainer - java.vendor.url.bug = http://bugreport.sun.com/bugreport/
13:08:05.219 [main] DEBUG org.ops4j.pax.exam.nat.internal.NativeTestContainer - java.version = 1.8.0_121
13:08:05.220 [main] DEBUG org.ops4j.pax.exam.nat.internal.NativeTestContainer - java.vm.info = mixed mode
13:08:05.220 [main] DEBUG org.ops4j.pax.exam.nat.internal.NativeTestContainer - java.vm.name = Java HotSpot(TM) 64-Bit Server VM
13:08:05.220 [main] DEBUG org.ops4j.pax.exam.nat.internal.NativeTestContainer - java.vm.specification.name = Java Virtual Machine Specification
13:08:05.220 [main] DEBUG org.ops4j.pax.exam.nat.internal.NativeTestContainer - java.vm.specification.vendor = Oracle Corporation
13:08:05.220 [main] DEBUG org.ops4j.pax.exam.nat.internal.NativeTestContainer - java.vm.specification.version = 1.8
13:08:05.220 [main] DEBUG org.ops4j.pax.exam.nat.internal.NativeTestContainer - java.vm.vendor = Oracle Corporation
13:08:05.220 [main] DEBUG org.ops4j.pax.exam.nat.internal.NativeTestContainer - java.vm.version = 25.121-b13
13:08:05.220 [main] DEBUG org.ops4j.pax.exam.nat.internal.NativeTestContainer - line.separator = 

13:08:05.220 [main] DEBUG org.ops4j.pax.exam.nat.internal.NativeTestContainer - localRepository = E:\Users\massi\.m2\repository
13:08:05.220 [main] DEBUG org.ops4j.pax.exam.nat.internal.NativeTestContainer - os.arch = amd64
13:08:05.220 [main] DEBUG org.ops4j.pax.exam.nat.internal.NativeTestContainer - os.name = Windows 10
13:08:05.220 [main] DEBUG org.ops4j.pax.exam.nat.internal.NativeTestContainer - os.version = 10.0
13:08:05.220 [main] DEBUG org.ops4j.pax.exam.nat.internal.NativeTestContainer - path.separator = ;
13:08:05.220 [main] DEBUG org.ops4j.pax.exam.nat.internal.NativeTestContainer - pax.exam.invoker = junit
13:08:05.220 [main] DEBUG org.ops4j.pax.exam.nat.internal.NativeTestContainer - pax.exam.service.timeout = 10000
13:08:05.220 [main] DEBUG org.ops4j.pax.exam.nat.internal.NativeTestContainer - sun.arch.data.model = 64
13:08:05.221 [main] DEBUG org.ops4j.pax.exam.nat.internal.NativeTestContainer - sun.boot.class.path = C:\Program Files\Java\jre1.8.0_121\lib\resources.jar;C:\Program Files\Java\jre1.8.0_121\lib\rt.jar;C:\Program Files\Java\jre1.8.0_121\lib\sunrsasign.jar;C:\Program Files\Java\jre1.8.0_121\lib\jsse.jar;C:\Program Files\Java\jre1.8.0_121\lib\jce.jar;C:\Program Files\Java\jre1.8.0_121\lib\charsets.jar;C:\Program Files\Java\jre1.8.0_121\lib\jfr.jar;C:\Program Files\Java\jre1.8.0_121\classes
13:08:05.221 [main] DEBUG org.ops4j.pax.exam.nat.internal.NativeTestContainer - sun.boot.library.path = C:\Program Files\Java\jre1.8.0_121\bin
13:08:05.221 [main] DEBUG org.ops4j.pax.exam.nat.internal.NativeTestContainer - sun.cpu.endian = little
13:08:05.221 [main] DEBUG org.ops4j.pax.exam.nat.internal.NativeTestContainer - sun.cpu.isalist = amd64
13:08:05.221 [main] DEBUG org.ops4j.pax.exam.nat.internal.NativeTestContainer - sun.desktop = windows
13:08:05.221 [main] DEBUG org.ops4j.pax.exam.nat.internal.NativeTestContainer - sun.io.unicode.encoding = UnicodeLittle
13:08:05.221 [main] DEBUG org.ops4j.pax.exam.nat.internal.NativeTestContainer - sun.java.command = E:\Users\massi\Documents\git\MicroSI\microsi-root\examples\itest-bundle-example\target\surefire\surefirebooter9163854278848015357.jar E:\Users\massi\Documents\git\MicroSI\microsi-root\examples\itest-bundle-example\target\surefire\surefire5937059575346907125tmp E:\Users\massi\Documents\git\MicroSI\microsi-root\examples\itest-bundle-example\target\surefire\surefire_08640023839191068521tmp
13:08:05.221 [main] DEBUG org.ops4j.pax.exam.nat.internal.NativeTestContainer - sun.java.launcher = SUN_STANDARD
13:08:05.221 [main] DEBUG org.ops4j.pax.exam.nat.internal.NativeTestContainer - sun.jnu.encoding = Cp1252
13:08:05.221 [main] DEBUG org.ops4j.pax.exam.nat.internal.NativeTestContainer - sun.management.compiler = HotSpot 64-Bit Tiered Compilers
13:08:05.221 [main] DEBUG org.ops4j.pax.exam.nat.internal.NativeTestContainer - sun.os.patch.level = 
13:08:05.221 [main] DEBUG org.ops4j.pax.exam.nat.internal.NativeTestContainer - surefire.real.class.path = E:\Users\massi\Documents\git\MicroSI\microsi-root\examples\itest-bundle-example\target\surefire\surefirebooter9163854278848015357.jar
13:08:05.221 [main] DEBUG org.ops4j.pax.exam.nat.internal.NativeTestContainer - surefire.test.class.path = E:\Users\massi\Documents\git\MicroSI\microsi-root\examples\itest-bundle-example\target\test-classes;E:\Users\massi\Documents\git\MicroSI\microsi-root\examples\itest-bundle-example\target\classes;E:\Users\massi\.m2\repository\com\massimobono\microsi\examples\bundle-example\0.0.1-SNAPSHOT\bundle-example-0.0.1-SNAPSHOT.jar;E:\Users\massi\.m2\repository\junit\junit\4.11\junit-4.11.jar;E:\Users\massi\.m2\repository\org\hamcrest\hamcrest-core\1.3\hamcrest-core-1.3.jar;E:\Users\massi\.m2\repository\org\ops4j\pax\exam\pax-exam-junit4\4.10.0\pax-exam-junit4-4.10.0.jar;E:\Users\massi\.m2\repository\org\ops4j\pax\exam\pax-exam-spi\4.10.0\pax-exam-spi-4.10.0.jar;E:\Users\massi\.m2\repository\org\ops4j\base\ops4j-base-spi\1.5.0\ops4j-base-spi-1.5.0.jar;E:\Users\massi\.m2\repository\org\ops4j\pax\tinybundles\tinybundles\2.1.1\tinybundles-2.1.1.jar;E:\Users\massi\.m2\repository\biz\aQute\bnd\bndlib\2.4.0\bndlib-2.4.0.jar;E:\Users\massi\.m2\repository\org\ops4j\base\ops4j-base-lang\1.5.0\ops4j-base-lang-1.5.0.jar;E:\Users\massi\.m2\repository\org\ops4j\pax\exam\pax-exam-container-native\4.10.0\pax-exam-container-native-4.10.0.jar;E:\Users\massi\.m2\repository\org\ops4j\pax\exam\pax-exam\4.10.0\pax-exam-4.10.0.jar;E:\Users\massi\.m2\repository\org\ops4j\base\ops4j-base-store\1.5.0\ops4j-base-store-1.5.0.jar;E:\Users\massi\.m2\repository\org\ops4j\base\ops4j-base-io\1.5.0\ops4j-base-io-1.5.0.jar;E:\Users\massi\.m2\repository\org\ops4j\base\ops4j-base-util-property\1.5.0\ops4j-base-util-property-1.5.0.jar;E:\Users\massi\.m2\repository\org\ops4j\pax\swissbox\pax-swissbox-core\1.8.2\pax-swissbox-core-1.8.2.jar;E:\Users\massi\.m2\repository\org\ops4j\pax\swissbox\pax-swissbox-lifecycle\1.8.2\pax-swissbox-lifecycle-1.8.2.jar;E:\Users\massi\.m2\repository\org\ops4j\pax\swissbox\pax-swissbox-tracker\1.8.2\pax-swissbox-tracker-1.8.2.jar;E:\Users\massi\.m2\repository\org\ops4j\base\ops4j-base-net\1.5.0\ops4j-base-net-1.5.0.jar;E:\Users\massi\.m2\repository\org\ops4j\base\ops4j-base-monitors\1.5.0\ops4j-base-monitors-1.5.0.jar;E:\Users\massi\.m2\repository\org\ops4j\pax\url\pax-url-link\2.4.5\pax-url-link-2.4.5.jar;E:\Users\massi\.m2\repository\org\ops4j\pax\url\pax-url-commons\2.4.5\pax-url-commons-2.4.5.jar;E:\Users\massi\.m2\repository\org\ops4j\pax\swissbox\pax-swissbox-property\1.8.2\pax-swissbox-property-1.8.2.jar;E:\Users\massi\.m2\repository\org\ops4j\pax\url\pax-url-classpath\2.4.5\pax-url-classpath-2.4.5.jar;E:\Users\massi\.m2\repository\org\ops4j\pax\swissbox\pax-swissbox-optional-jcl\1.8.2\pax-swissbox-optional-jcl-1.8.2.jar;E:\Users\massi\.m2\repository\org\ops4j\pax\url\pax-url-aether\2.5.2\pax-url-aether-2.5.2.jar;E:\Users\massi\.m2\repository\org\ops4j\pax\url\pax-url-aether-support\2.5.2\pax-url-aether-support-2.5.2.jar;E:\Users\massi\.m2\repository\org\eclipse\aether\aether-impl\1.0.2.v20150114\aether-impl-1.0.2.v20150114.jar;E:\Users\massi\.m2\repository\org\eclipse\aether\aether-api\1.0.2.v20150114\aether-api-1.0.2.v20150114.jar;E:\Users\massi\.m2\repository\org\eclipse\aether\aether-spi\1.0.2.v20150114\aether-spi-1.0.2.v20150114.jar;E:\Users\massi\.m2\repository\org\eclipse\aether\aether-util\1.0.2.v20150114\aether-util-1.0.2.v20150114.jar;E:\Users\massi\.m2\repository\org\slf4j\jcl-over-slf4j\1.6.6\jcl-over-slf4j-1.6.6.jar;E:\Users\massi\.m2\repository\org\apache\felix\org.apache.felix.framework\5.6.2\org.apache.felix.framework-5.6.2.jar;E:\Users\massi\.m2\repository\org\slf4j\slf4j-api\1.7.25\slf4j-api-1.7.25.jar;E:\Users\massi\.m2\repository\ch\qos\logback\logback-classic\1.2.3\logback-classic-1.2.3.jar;E:\Users\massi\.m2\repository\ch\qos\logback\logback-core\1.2.3\logback-core-1.2.3.jar;E:\Users\massi\.m2\repository\javax\inject\javax.inject\1\javax.inject-1.jar;E:\Users\massi\.m2\repository\org\ops4j\pax\exam\pax-exam-link-assembly\4.10.0\pax-exam-link-assembly-4.10.0.jar;
13:08:05.222 [main] DEBUG org.ops4j.pax.exam.nat.internal.NativeTestContainer - user.country = US
13:08:05.222 [main] DEBUG org.ops4j.pax.exam.nat.internal.NativeTestContainer - user.dir = E:\Users\massi\Documents\git\MicroSI\microsi-root\examples\itest-bundle-example
13:08:05.222 [main] DEBUG org.ops4j.pax.exam.nat.internal.NativeTestContainer - user.home = E:\Users\massi
13:08:05.222 [main] DEBUG org.ops4j.pax.exam.nat.internal.NativeTestContainer - user.language = en
13:08:05.223 [main] DEBUG org.ops4j.pax.exam.nat.internal.NativeTestContainer - user.name = massi
13:08:05.223 [main] DEBUG org.ops4j.pax.exam.nat.internal.NativeTestContainer - user.script = 
13:08:05.223 [main] DEBUG org.ops4j.pax.exam.nat.internal.NativeTestContainer - user.timezone = Europe/Berlin
13:08:05.223 [main] DEBUG org.ops4j.pax.exam.nat.internal.NativeTestContainer - user.variant = 
13:08:05.672 [main] DEBUG org.ops4j.pax.exam.nat.internal.NativeTestContainer - + Install (start@2) UrlProvisionOption{url=&apos;RawUrlReference{url=&apos;link:classpath:META-INF/links/org.ops4j.pax.exam.link&apos;}&apos;}
13:08:05.710 [main] DEBUG org.ops4j.pax.exam.nat.internal.NativeTestContainer - + Install (start@2) UrlProvisionOption{url=&apos;RawUrlReference{url=&apos;link:classpath:META-INF/links/org.ops4j.pax.exam.inject.link&apos;}&apos;}
13:08:05.722 [main] DEBUG org.ops4j.pax.exam.nat.internal.NativeTestContainer - + Install (start@2) UrlProvisionOption{url=&apos;RawUrlReference{url=&apos;link:classpath:META-INF/links/org.ops4j.pax.extender.service.link&apos;}&apos;}
13:08:05.853 [main] DEBUG org.ops4j.pax.exam.nat.internal.NativeTestContainer - + Install (start@2) UrlProvisionOption{url=&apos;RawUrlReference{url=&apos;link:classpath:META-INF/links/org.osgi.compendium.link&apos;}&apos;}
13:08:05.913 [main] DEBUG org.ops4j.pax.exam.nat.internal.NativeTestContainer - + Install (start@2) UrlProvisionOption{url=&apos;RawUrlReference{url=&apos;link:classpath:META-INF/links/org.ops4j.pax.logging.api.link&apos;}&apos;}
13:08:05.930 [main] DEBUG org.ops4j.pax.exam.nat.internal.NativeTestContainer - + Install (start@2) UrlProvisionOption{url=&apos;RawUrlReference{url=&apos;link:classpath:META-INF/links/org.ops4j.base.link&apos;}&apos;}
13:08:05.943 [main] DEBUG org.ops4j.pax.exam.nat.internal.NativeTestContainer - + Install (start@2) UrlProvisionOption{url=&apos;RawUrlReference{url=&apos;link:classpath:META-INF/links/org.ops4j.pax.swissbox.core.link&apos;}&apos;}
13:08:05.956 [main] DEBUG org.ops4j.pax.exam.nat.internal.NativeTestContainer - + Install (start@2) UrlProvisionOption{url=&apos;RawUrlReference{url=&apos;link:classpath:META-INF/links/org.ops4j.pax.swissbox.extender.link&apos;}&apos;}
13:08:05.997 [main] DEBUG org.ops4j.pax.exam.nat.internal.NativeTestContainer - + Install (start@2) UrlProvisionOption{url=&apos;RawUrlReference{url=&apos;link:classpath:META-INF/links/org.ops4j.pax.swissbox.framework.link&apos;}&apos;}
13:08:06.009 [main] DEBUG org.ops4j.pax.exam.nat.internal.NativeTestContainer - + Install (start@2) UrlProvisionOption{url=&apos;RawUrlReference{url=&apos;link:classpath:META-INF/links/org.ops4j.pax.swissbox.lifecycle.link&apos;}&apos;}
13:08:06.042 [main] DEBUG org.ops4j.pax.exam.nat.internal.NativeTestContainer - + Install (start@2) UrlProvisionOption{url=&apos;RawUrlReference{url=&apos;link:classpath:META-INF/links/org.ops4j.pax.swissbox.tracker.link&apos;}&apos;}
13:08:06.054 [main] DEBUG org.ops4j.pax.exam.nat.internal.NativeTestContainer - + Install (start@2) UrlProvisionOption{url=&apos;RawUrlReference{url=&apos;link:classpath:META-INF/links/org.apache.geronimo.specs.atinject.link&apos;}&apos;}
13:08:06.699 [main] DEBUG org.ops4j.pax.url.mvn.internal.Connection - Resolving [mvn:org.apache.felix/org.apache.felix.scr/2.0.8]
13:08:06.724 [main] DEBUG shaded.org.eclipse.aether.internal.impl.DefaultLocalRepositoryProvider - Using manager PaxLocalRepositoryManager with priority 0.0 for E:\Users\massi\.m2\repository
13:08:06.730 [main] DEBUG org.ops4j.pax.url.mvn.internal.AetherBasedResolver - Resolved (org.apache.felix:org.apache.felix.scr:jar:2.0.8) as E:\Users\massi\.m2\repository\org\apache\felix\org.apache.felix.scr\2.0.8\org.apache.felix.scr-2.0.8.jar
13:08:06.737 [main] DEBUG org.ops4j.pax.exam.nat.internal.NativeTestContainer - + Install (start@3) MavenArtifactUrlReference{groupId=&apos;org.apache.felix&apos;, artifactId=&apos;org.apache.felix.scr&apos;, version=&apos;2.0.8&apos;, type=&apos;null&apos;}
13:08:06.743 [main] DEBUG org.ops4j.pax.url.mvn.internal.Connection - Resolving [mvn:com.massimobono.microsi.examples/bundle-example-impl/0.0.1-SNAPSHOT]
13:08:06.745 [main] DEBUG shaded.org.eclipse.aether.internal.impl.DefaultLocalRepositoryProvider - Using manager PaxLocalRepositoryManager with priority 0.0 for E:\Users\massi\.m2\repository
13:08:06.766 [main] DEBUG org.ops4j.pax.url.mvn.internal.AetherBasedResolver - Resolved (com.massimobono.microsi.examples:bundle-example-impl:jar:0.0.1-SNAPSHOT) as E:\Users\massi\.m2\repository\com\massimobono\microsi\examples\bundle-example-impl\0.0.1-SNAPSHOT\bundle-example-impl-0.0.1-SNAPSHOT.jar
13:08:06.769 [main] DEBUG org.ops4j.pax.exam.nat.internal.NativeTestContainer - + Install (start@3) MavenArtifactUrlReference{groupId=&apos;com.massimobono.microsi.examples&apos;, artifactId=&apos;bundle-example-impl&apos;, version=&apos;0.0.1-SNAPSHOT&apos;, type=&apos;null&apos;}
13:08:06.869 [main] DEBUG org.ops4j.pax.exam.nat.internal.NativeTestContainer - + Install (start@2) JUnitBundlesOption{url=link:classpath:META-INF/links/org.ops4j.pax.tipi.junit.link}
13:08:06.888 [main] DEBUG org.ops4j.pax.exam.nat.internal.NativeTestContainer - + Install (start@3) UrlProvisionOption{url=&apos;RawUrlReference{url=&apos;link:classpath:META-INF/links/org.ops4j.pax.tipi.hamcrest.core.link&apos;}&apos;}
13:08:06.904 [main] DEBUG org.ops4j.pax.exam.nat.internal.NativeTestContainer - + Install (start@3) UrlProvisionOption{url=&apos;RawUrlReference{url=&apos;link:classpath:META-INF/links/org.ops4j.pax.exam.invoker.junit.link&apos;}&apos;}
13:08:06.905 [main] DEBUG org.ops4j.pax.exam.nat.internal.NativeTestContainer - Jump to startlevel: 5
13:08:06.907 [main] DEBUG org.ops4j.pax.exam.nat.internal.NativeTestContainer - start level 5 requested, current start level is 1
13:08:06.910 [FelixDispatchQueue] DEBUG org.ops4j.pax.exam.nat.internal.NativeTestContainer - Framework event type STARTED: org.osgi.framework.FrameworkEvent[source=org.apache.felix.framework [0]]
[org.ops4j.pax.swissbox.extender.BundleWatcher] : Creating bundle watcher with scanner [org.ops4j.pax.swissbox.extender.BundleManifestScanner@fabcb7b]...
[org.ops4j.pax.swissbox.extender.BundleWatcher] : Scanning bundle [org.apache.felix.framework]
[org.ops4j.pax.swissbox.extender.BundleWatcher] : Scanning bundle [org.ops4j.pax.exam]
[org.ops4j.pax.swissbox.extender.BundleWatcher] : Scanning bundle [org.ops4j.pax.exam.inject]
[org.ops4j.pax.swissbox.extender.BundleWatcher] : Scanning bundle [org.ops4j.pax.exam.extender.service]
[org.ops4j.pax.swissbox.extender.BundleWatcher] : Scanning bundle [osgi.cmpn]
org.ops4j.pax.logging.pax-logging-api[org.ops4j.pax.logging.internal.Activator] : Enabling SLF4J API support.
org.ops4j.pax.logging.pax-logging-api[org.ops4j.pax.logging.internal.Activator] : Enabling Jakarta Commons Logging API support.
org.ops4j.pax.logging.pax-logging-api[org.ops4j.pax.logging.internal.Activator] : Enabling Log4J API support.
org.ops4j.pax.logging.pax-logging-api[org.ops4j.pax.logging.internal.Activator] : Enabling Avalon Logger API support.
org.ops4j.pax.logging.pax-logging-api[org.ops4j.pax.logging.internal.Activator] : Enabling JULI Logger API support.
org.ops4j.pax.logging.pax-logging-api[org.ops4j.pax.swissbox.extender.BundleWatcher] : Scanning bundle [org.ops4j.pax.logging.pax-logging-api]
org.ops4j.pax.logging.pax-logging-api[org.ops4j.pax.swissbox.extender.BundleWatcher] : Scanning bundle [org.ops4j.base]
org.ops4j.pax.logging.pax-logging-api[org.ops4j.pax.swissbox.extender.BundleWatcher] : Scanning bundle [org.ops4j.pax.swissbox.core]
org.ops4j.pax.logging.pax-logging-api[org.ops4j.pax.swissbox.extender.BundleWatcher] : Scanning bundle [org.ops4j.pax.swissbox.extender]
org.ops4j.pax.logging.pax-logging-api[org.ops4j.pax.swissbox.extender.BundleWatcher] : Scanning bundle [org.ops4j.pax.swissbox.framework]
org.ops4j.pax.logging.pax-logging-api[org.ops4j.pax.swissbox.extender.BundleWatcher] : Scanning bundle [org.ops4j.pax.swissbox.lifecycle]
org.ops4j.pax.logging.pax-logging-api[org.ops4j.pax.swissbox.extender.BundleWatcher] : Scanning bundle [org.ops4j.pax.swissbox.tracker]
org.ops4j.pax.logging.pax-logging-api[org.ops4j.pax.swissbox.extender.BundleWatcher] : Scanning bundle [org.apache.geronimo.specs.geronimo-atinject_1.0_spec]
org.ops4j.pax.logging.pax-logging-api[org.ops4j.pax.swissbox.extender.BundleWatcher] : Scanning bundle [org.ops4j.pax.tipi.junit]
org.ops4j.pax.logging.pax-logging-api[org.ops4j.pax.swissbox.extender.BundleWatcher] : Scanning bundle [org.apache.felix.scr]
org.ops4j.pax.logging.pax-logging-api[org.ops4j.pax.swissbox.extender.BundleWatcher] : Scanning bundle [bundle-example-impl]
org.ops4j.pax.logging.pax-logging-api[org.ops4j.pax.swissbox.extender.BundleWatcher] : Scanning bundle [org.ops4j.pax.tipi.hamcrest.core]
org.ops4j.pax.logging.pax-logging-api[org.ops4j.pax.swissbox.extender.BundleWatcher] : Scanning bundle [org.ops4j.pax.exam.invoker.junit]
13:08:07.024 [FelixDispatchQueue] DEBUG org.ops4j.pax.exam.nat.internal.NativeTestContainer - Framework event type STARTLEVEL_CHANGED: org.osgi.framework.FrameworkEvent[source=org.apache.felix.framework [0]]
13:08:07.024 [main] DEBUG org.ops4j.pax.exam.spi.reactors.EagerSingleStagedReactor - installing probe org.ops4j.pax.exam.spi.intern.TestProbeBuilderImpl@65c7a252
13:08:07.034 [main] DEBUG org.ops4j.pax.tinybundles.core.intern.RawBuilder - make()
13:08:07.035 [main] DEBUG org.ops4j.store.intern.TemporaryStore - Enter store()
13:08:07.036 [Thread-0] DEBUG org.ops4j.pax.tinybundles.core.intern.RawBuilder - Creating manifest from added headers.
13:08:07.037 [Thread-0] DEBUG org.ops4j.pax.tinybundles.core.intern.RawBuilder - Ignore-Package = 
13:08:07.037 [Thread-0] DEBUG org.ops4j.pax.tinybundles.core.intern.RawBuilder - PaxExam-Executable = PaxExam-cefe3485-fd70-48e6-b928-d415a85b811e,PaxExam-e9526aa4-ee22-44a4-8f46-3660a5fb372c,
13:08:07.037 [Thread-0] DEBUG org.ops4j.pax.tinybundles.core.intern.RawBuilder - Bundle-ManifestVersion = 2
13:08:07.037 [Thread-0] DEBUG org.ops4j.pax.tinybundles.core.intern.RawBuilder - Bundle-SymbolicName = PAXEXAM-PROBE-45651482-ed7f-4e8e-bd1e-f9e68e620068
13:08:07.037 [Thread-0] DEBUG org.ops4j.pax.tinybundles.core.intern.RawBuilder - PaxExam-e9526aa4-ee22-44a4-8f46-3660a5fb372c = com.massimobono.microsi.examples.bundleexample.TestBundleExampleImpl;test
13:08:07.037 [Thread-0] DEBUG org.ops4j.pax.tinybundles.core.intern.RawBuilder - PaxExam-cefe3485-fd70-48e6-b928-d415a85b811e = com.massimobono.microsi.examples.bundleexample.TestBundleExampleImpl;simpleGreetingImplCheck
13:08:07.037 [Thread-0] DEBUG org.ops4j.pax.tinybundles.core.intern.RawBuilder - DynamicImport-Package = *
13:08:07.039 [Thread-0] DEBUG org.ops4j.pax.tinybundles.core.intern.RawBuilder - Copying resource com/massimobono/microsi/examples/bundleexample/TestBundleExampleImpl.class
13:08:07.046 [main] DEBUG org.ops4j.store.intern.TemporaryStore - Exit store(): fc5da1074ebc28d5f89927c8dfa4e4f794b0feb7
13:08:07.051 [main] DEBUG org.ops4j.pax.exam.nat.internal.NativeTestContainer - Installed bundle PAXEXAM-PROBE-45651482-ed7f-4e8e-bd1e-f9e68e620068 as Bundle ID 18
org.ops4j.pax.logging.pax-logging-api[org.ops4j.pax.swissbox.extender.BundleWatcher] : Scanning bundle [PAXEXAM-PROBE-45651482-ed7f-4e8e-bd1e-f9e68e620068]
org.ops4j.pax.logging.pax-logging-api[org.ops4j.pax.swissbox.extender.BundleWatcher] : Found resources [ManifestEntry{ key=PaxExam-Executable, value=PaxExam-cefe3485-fd70-48e6-b928-d415a85b811e,PaxExam-e9526aa4-ee22-44a4-8f46-3660a5fb372c, }, ManifestEntry{ key=PaxExam-cefe3485-fd70-48e6-b928-d415a85b811e, value=com.massimobono.microsi.examples.bundleexample.TestBundleExampleImpl;simpleGreetingImplCheck }, ManifestEntry{ key=PaxExam-e9526aa4-ee22-44a4-8f46-3660a5fb372c, value=com.massimobono.microsi.examples.bundleexample.TestBundleExampleImpl;test }]
org.ops4j.pax.exam.extender.service[org.ops4j.pax.exam.raw.extender.intern.Probe] : Test PaxExam-Executable to be in PaxExam-cefe3485-fd70-48e6-b928-d415a85b811e,PaxExam-e9526aa4-ee22-44a4-8f46-3660a5fb372c,
org.ops4j.pax.exam.extender.service[org.ops4j.pax.exam.raw.extender.intern.Probe] : Test PaxExam-cefe3485-fd70-48e6-b928-d415a85b811e to be in PaxExam-cefe3485-fd70-48e6-b928-d415a85b811e,PaxExam-e9526aa4-ee22-44a4-8f46-3660a5fb372c,
13:08:07.062 [main] DEBUG org.ops4j.pax.exam.junit.impl.ProbeRunner - Invoke simpleGreetingImplCheck @ [TestAddress:PaxExam-8141dd6d-c48f-4710-ac61-85ef55333c73 root:PaxExam-cefe3485-fd70-48e6-b928-d415a85b811e] Arguments: [Ljava.lang.Object;@3cbbc1e0
org.ops4j.pax.exam.extender.service[org.ops4j.pax.exam.raw.extender.intern.Probe] : Registering Service: org.ops4j.pax.exam.ProbeInvoker with Probe-Signature=&quot;PaxExam-cefe3485-fd70-48e6-b928-d415a85b811e&quot; and expression=&quot;com.massimobono.microsi.examples.bundleexample.TestBundleExampleImpl;simpleGreetingImplCheck&quot;
org.ops4j.pax.exam.extender.service[org.ops4j.pax.exam.raw.extender.intern.Probe] : Test PaxExam-e9526aa4-ee22-44a4-8f46-3660a5fb372c to be in PaxExam-cefe3485-fd70-48e6-b928-d415a85b811e,PaxExam-e9526aa4-ee22-44a4-8f46-3660a5fb372c,
org.ops4j.pax.exam.extender.service[org.ops4j.pax.exam.raw.extender.intern.Probe] : Registering Service: org.ops4j.pax.exam.ProbeInvoker with Probe-Signature=&quot;PaxExam-e9526aa4-ee22-44a4-8f46-3660a5fb372c&quot; and expression=&quot;com.massimobono.microsi.examples.bundleexample.TestBundleExampleImpl;test&quot;
org.ops4j.pax.exam.invoker.junit[org.ops4j.pax.exam.invoker.junit.internal.ContainerTestRunner] : running simpleGreetingImplCheck in reactor
</system-out>
  </testcase>
  <testcase classname="com.massimobono.microsi.examples.bundleexample.TestBundleExampleImpl" name="test" time="10.011">
    <error message="gave up waiting for service com.massimobono.microsi.examples.bundleexample.BundleExample" type="org.ops4j.pax.swissbox.tracker.ServiceLookupException">org.ops4j.pax.swissbox.tracker.ServiceLookupException: gave up waiting for service com.massimobono.microsi.examples.bundleexample.BundleExample
	at org.ops4j.pax.swissbox.tracker.ServiceLookup.getService(ServiceLookup.java:199)
	at org.ops4j.pax.swissbox.tracker.ServiceLookup.getService(ServiceLookup.java:136)
	at org.ops4j.pax.exam.inject.internal.ServiceInjector.injectField(ServiceInjector.java:89)
	at org.ops4j.pax.exam.inject.internal.ServiceInjector.injectDeclaredFields(ServiceInjector.java:69)
	at org.ops4j.pax.exam.inject.internal.ServiceInjector.injectFields(ServiceInjector.java:61)
	at org.ops4j.pax.exam.invoker.junit.internal.ContainerTestRunner.createTest(ContainerTestRunner.java:68)
	at org.junit.runners.BlockJUnit4ClassRunner$1.runReflectiveCall(BlockJUnit4ClassRunner.java:266)
	at org.junit.internal.runners.model.ReflectiveCallable.run(ReflectiveCallable.java:12)
	at org.junit.runners.BlockJUnit4ClassRunner.methodBlock(BlockJUnit4ClassRunner.java:263)
	at org.ops4j.pax.exam.invoker.junit.internal.ContainerTestRunner.runChildWithRetry(ContainerTestRunner.java:84)
	at org.ops4j.pax.exam.invoker.junit.internal.ContainerTestRunner.runChild(ContainerTestRunner.java:75)
	at org.ops4j.pax.exam.invoker.junit.internal.ContainerTestRunner.runChild(ContainerTestRunner.java:44)
	at org.junit.runners.ParentRunner$3.run(ParentRunner.java:290)
	at org.junit.runners.ParentRunner$1.schedule(ParentRunner.java:71)
	at org.junit.runners.ParentRunner.runChildren(ParentRunner.java:288)
	at org.junit.runners.ParentRunner.access$000(ParentRunner.java:58)
	at org.junit.runners.ParentRunner$2.evaluate(ParentRunner.java:268)
	at org.junit.runners.ParentRunner.run(ParentRunner.java:363)
	at org.junit.runner.JUnitCore.run(JUnitCore.java:137)
	at org.junit.runner.JUnitCore.run(JUnitCore.java:115)
	at org.ops4j.pax.exam.invoker.junit.internal.JUnitProbeInvoker.invokeViaJUnit(JUnitProbeInvoker.java:124)
	at org.ops4j.pax.exam.invoker.junit.internal.JUnitProbeInvoker.findAndInvoke(JUnitProbeInvoker.java:97)
	at org.ops4j.pax.exam.invoker.junit.internal.JUnitProbeInvoker.call(JUnitProbeInvoker.java:73)
	at org.ops4j.pax.exam.nat.internal.NativeTestContainer.call(NativeTestContainer.java:112)
	at org.ops4j.pax.exam.spi.reactors.EagerSingleStagedReactor.invoke(EagerSingleStagedReactor.java:109)
	at org.ops4j.pax.exam.junit.impl.ProbeRunner$2.evaluate(ProbeRunner.java:267)
	at org.junit.runners.ParentRunner.runLeaf(ParentRunner.java:271)
	at org.junit.runners.BlockJUnit4ClassRunner.runChild(BlockJUnit4ClassRunner.java:70)
	at org.junit.runners.BlockJUnit4ClassRunner.runChild(BlockJUnit4ClassRunner.java:50)
	at org.junit.runners.ParentRunner$3.run(ParentRunner.java:238)
	at org.junit.runners.ParentRunner$1.schedule(ParentRunner.java:63)
	at org.junit.runners.ParentRunner.runChildren(ParentRunner.java:236)
	at org.junit.runners.ParentRunner.access$000(ParentRunner.java:53)
	at org.junit.runners.ParentRunner$2.evaluate(ParentRunner.java:229)
	at org.junit.runners.ParentRunner.run(ParentRunner.java:309)
	at org.ops4j.pax.exam.junit.impl.ProbeRunner.run(ProbeRunner.java:98)
	at org.ops4j.pax.exam.junit.PaxExam.run(PaxExam.java:93)
	at org.apache.maven.surefire.junit4.JUnit4Provider.execute(JUnit4Provider.java:252)
	at org.apache.maven.surefire.junit4.JUnit4Provider.executeTestSet(JUnit4Provider.java:141)
	at org.apache.maven.surefire.junit4.JUnit4Provider.invoke(JUnit4Provider.java:112)
	at sun.reflect.NativeMethodAccessorImpl.invoke0(Native Method)
	at sun.reflect.NativeMethodAccessorImpl.invoke(Unknown Source)
	at sun.reflect.DelegatingMethodAccessorImpl.invoke(Unknown Source)
	at java.lang.reflect.Method.invoke(Unknown Source)
	at org.apache.maven.surefire.util.ReflectionUtils.invokeMethodWithArray(ReflectionUtils.java:189)
	at org.apache.maven.surefire.booter.ProviderFactory$ProviderProxy.invoke(ProviderFactory.java:165)
	at org.apache.maven.surefire.booter.ProviderFactory.invokeProvider(ProviderFactory.java:85)
	at org.apache.maven.surefire.booter.ForkedBooter.runSuitesInProcess(ForkedBooter.java:115)
	at org.apache.maven.surefire.booter.ForkedBooter.main(ForkedBooter.java:75)
</error>
    <system-out>13:08:17.200 [main] DEBUG org.ops4j.pax.exam.junit.impl.ProbeRunner - Invoke test @ [TestAddress:PaxExam-a6280b52-13eb-4ecd-9107-50f19235ccbc root:PaxExam-e9526aa4-ee22-44a4-8f46-3660a5fb372c] Arguments: [Ljava.lang.Object;@54a097cc
org.ops4j.pax.exam.invoker.junit[org.ops4j.pax.exam.invoker.junit.internal.ContainerTestRunner] : running test in reactor
</system-out>
  </testcase>
</testsuite>